Started GET "/" for ::1 at 2022-07-13 17:19:43 +0100
  [1m[35m (0.8ms)[0m  [1m[34mSELECT "schema_migrations"."version" FROM "schema_migrations" ORDER BY "schema_migrations"."version" ASC[0m
Processing by PagesController#home as HTML
Completed 401 Unauthorized in 8ms (ActiveRecord: 0.0ms | Allocations: 5846)


Started GET "/users/sign_in" for ::1 at 2022-07-13 17:19:43 +0100
Processing by Devise::SessionsController#new as HTML
  Rendering layout layouts/application.html.erb
  Rendering devise/sessions/new.html.erb within layouts/application
  Rendered devise/shared/_links.html.erb (Duration: 0.7ms | Allocations: 644)
  Rendered devise/sessions/new.html.erb within layouts/application (Duration: 33.1ms | Allocations: 23442)
  Rendered layout layouts/application.html.erb (Duration: 198.1ms | Allocations: 65861)
Completed 500 Internal Server Error in 215ms (ActiveRecord: 3.7ms | Allocations: 75717)


  
ActionView::Template::Error (Error: File to import not found or unreadable: bootstrap/scss/bootstrap.
        on line 7:1 of app/assets/stylesheets/application.scss
>> @import "bootstrap/scss/bootstrap";

   ^
):
  
app/assets/stylesheets/application.scss:7
Started GET "/users/sign_in" for ::1 at 2022-07-13 17:25:04 +0100
  [1m[35m (0.7ms)[0m  [1m[34mSELECT "schema_migrations"."version" FROM "schema_migrations" ORDER BY "schema_migrations"."version" ASC[0m
Processing by Devise::SessionsController#new as HTML
  Rendering layout layouts/application.html.erb
  Rendering devise/sessions/new.html.erb within layouts/application
  Rendered devise/shared/_links.html.erb (Duration: 0.6ms | Allocations: 644)
  Rendered devise/sessions/new.html.erb within layouts/application (Duration: 19.9ms | Allocations: 19933)
  Rendered layout layouts/application.html.erb (Duration: 59.8ms | Allocations: 48978)
Completed 500 Internal Server Error in 77ms (ActiveRecord: 4.3ms | Allocations: 59067)


  
ActionView::Template::Error (Error: File to import not found or unreadable: bootstrap/scss/bootstrap.
        on line 7:1 of app/assets/stylesheets/application.scss
>> @import "bootstrap/scss/bootstrap";

   ^
):
  
app/assets/stylesheets/application.scss:7
Started GET "/users/sign_in" for ::1 at 2022-07-13 17:26:15 +0100
  [1m[35m (2.3ms)[0m  [1m[34mSELECT "schema_migrations"."version" FROM "schema_migrations" ORDER BY "schema_migrations"."version" ASC[0m
Processing by Devise::SessionsController#new as HTML
  Rendering layout layouts/application.html.erb
  Rendering devise/sessions/new.html.erb within layouts/application
  Rendered devise/shared/_links.html.erb (Duration: 0.7ms | Allocations: 644)
  Rendered devise/sessions/new.html.erb within layouts/application (Duration: 20.4ms | Allocations: 19933)
[Webpacker] Compiling...
[Webpacker] Compiled all packs in /Users/jimmyyuen/code/jimmehyuen/halfway-v2/public/packs
[Webpacker] Hash: 9da4f6d02d4008c53b4b
Version: webpack 4.46.0
Time: 894ms
Built at: 07/13/2022 5:26:20 PM
                                     Asset       Size       Chunks                         Chunk Names
    js/application-4749117d8427e5730fc8.js   1.54 MiB  application  [emitted] [immutable]  application
js/application-4749117d8427e5730fc8.js.map   1.53 MiB  application  [emitted] [dev]        application
                             manifest.json  364 bytes               [emitted]              
Entrypoint application = js/application-4749117d8427e5730fc8.js js/application-4749117d8427e5730fc8.js.map
[./app/javascript/channels sync recursive _channel\.js$] ./app/javascript/channels sync _channel\.js$ 160 bytes {application} [built]
[./app/javascript/channels/index.js] 211 bytes {application} [built]
[./app/javascript/controllers sync recursive _controller\.js$] ./app/javascript/controllers sync _controller\.js$ 277 bytes {application} [built]
[./app/javascript/controllers/disable_button_controller.js] 998 bytes {application} [optional] [built]
[./app/javascript/controllers/geocoder_controller.js] 5.31 KiB {application} [optional] [built]
[./app/javascript/controllers/hello_controller.js] 3.51 KiB {application} [optional] [built]
[./app/javascript/controllers/index.js] 396 bytes {application} [built]
[./app/javascript/controllers/mapbox_controller.js] 5.77 KiB {application} [optional] [built]
[./app/javascript/packs/application.js] 534 bytes {application} [built]
[./node_modules/webpack/buildin/global.js] (webpack)/buildin/global.js 472 bytes {application} [built]
[./node_modules/webpack/buildin/module.js] (webpack)/buildin/module.js 497 bytes {application} [built]
    + 103 hidden modules

  Rendered shared/_flashes.html.erb (Duration: 0.6ms | Allocations: 208)
  Rendered shared/_footer.html.erb (Duration: 0.4ms | Allocations: 251)
  Rendered layout layouts/application.html.erb (Duration: 4732.2ms | Allocations: 173291)
Completed 200 OK in 4750ms (Views: 4735.4ms | ActiveRecord: 4.2ms | Allocations: 183429)


Started GET "/users/sign_in" for ::1 at 2022-07-13 17:27:35 +0100
  [1m[35m (1.9ms)[0m  [1m[34mSELECT "schema_migrations"."version" FROM "schema_migrations" ORDER BY "schema_migrations"."version" ASC[0m
Processing by Devise::SessionsController#new as HTML
  Rendering layout layouts/application.html.erb
  Rendering devise/sessions/new.html.erb within layouts/application
  Rendered devise/shared/_links.html.erb (Duration: 0.8ms | Allocations: 644)
  Rendered devise/sessions/new.html.erb within layouts/application (Duration: 20.4ms | Allocations: 19920)
[Webpacker] Everything's up-to-date. Nothing to do
  Rendered shared/_flashes.html.erb (Duration: 0.3ms | Allocations: 199)
  Rendered shared/_footer.html.erb (Duration: 0.3ms | Allocations: 251)
  Rendered layout layouts/application.html.erb (Duration: 66.4ms | Allocations: 67534)
Completed 200 OK in 82ms (Views: 69.0ms | ActiveRecord: 4.3ms | Allocations: 77663)


Started POST "/users/sign_in" for ::1 at 2022-07-13 17:31:23 +0100
Processing by Devise::SessionsController#create as HTML
  Parameters: {"authenticity_token"=>"[FILTERED]", "user"=>{"email"=>"jimmy@gmail.com", "password"=>"[FILTERED]", "remember_me"=>"0"}, "commit"=>"Log in"}
  [1m[36mUser Load (4.4ms)[0m  [1m[34mSELECT "users".* FROM "users" WHERE "users"."email" = $1 ORDER BY "users"."id" ASC LIMIT $2[0m  [["email", "jimmy@gmail.com"], ["LIMIT", 1]]
Redirected to http://localhost:3000/
Completed 302 Found in 366ms (ActiveRecord: 6.2ms | Allocations: 9433)


Started GET "/" for ::1 at 2022-07-13 17:31:23 +0100
Processing by PagesController#home as HTML
  [1m[36mUser Load (0.5ms)[0m  [1m[34mSELECT "users".* FROM "users" WHERE "users"."id" = $1 ORDER BY "users"."id" ASC LIMIT $2[0m  [["id", 1], ["LIMIT", 1]]
  Rendering layout layouts/application.html.erb
  Rendering pages/home.html.erb within layouts/application
  Rendered pages/home.html.erb within layouts/application (Duration: 7.7ms | Allocations: 8039)
[Webpacker] Everything's up-to-date. Nothing to do
  Rendered shared/_flashes.html.erb (Duration: 0.0ms | Allocations: 42)
  Rendered shared/_footer.html.erb (Duration: 0.1ms | Allocations: 102)
  Rendered layout layouts/application.html.erb (Duration: 18.0ms | Allocations: 19849)
Completed 200 OK in 21ms (Views: 18.8ms | ActiveRecord: 0.5ms | Allocations: 22849)


Started GET "/" for ::1 at 2022-07-13 17:34:18 +0100
Processing by PagesController#home as HTML
  [1m[36mUser Load (2.4ms)[0m  [1m[34mSELECT "users".* FROM "users" WHERE "users"."id" = $1 ORDER BY "users"."id" ASC LIMIT $2[0m  [["id", 1], ["LIMIT", 1]]
  Rendering layout layouts/application.html.erb
  Rendering pages/home.html.erb within layouts/application
  Rendered pages/home.html.erb within layouts/application (Duration: 15.2ms | Allocations: 6918)
[Webpacker] Everything's up-to-date. Nothing to do
  Rendered shared/_flashes.html.erb (Duration: 0.1ms | Allocations: 22)
  Rendered shared/_footer.html.erb (Duration: 0.2ms | Allocations: 91)
  Rendered layout layouts/application.html.erb (Duration: 2853.5ms | Allocations: 116569)
Completed 200 OK in 2871ms (Views: 2854.3ms | ActiveRecord: 2.4ms | Allocations: 118654)


Started GET "/" for ::1 at 2022-07-13 17:34:45 +0100
Processing by PagesController#home as HTML
  [1m[36mUser Load (0.5ms)[0m  [1m[34mSELECT "users".* FROM "users" WHERE "users"."id" = $1 ORDER BY "users"."id" ASC LIMIT $2[0m  [["id", 1], ["LIMIT", 1]]
  Rendering layout layouts/application.html.erb
  Rendering pages/home.html.erb within layouts/application
  Rendered pages/home.html.erb within layouts/application (Duration: 32.4ms | Allocations: 6973)
[Webpacker] Everything's up-to-date. Nothing to do
  Rendered shared/_flashes.html.erb (Duration: 0.1ms | Allocations: 22)
  Rendered shared/_footer.html.erb (Duration: 0.1ms | Allocations: 91)
  Rendered layout layouts/application.html.erb (Duration: 2694.0ms | Allocations: 116536)
Completed 200 OK in 2707ms (Views: 2694.3ms | ActiveRecord: 0.5ms | Allocations: 118404)


Started GET "/" for ::1 at 2022-07-13 17:35:03 +0100
Processing by PagesController#home as HTML
  [1m[36mUser Load (0.9ms)[0m  [1m[34mSELECT "users".* FROM "users" WHERE "users"."id" = $1 ORDER BY "users"."id" ASC LIMIT $2[0m  [["id", 1], ["LIMIT", 1]]
  Rendering layout layouts/application.html.erb
  Rendering pages/home.html.erb within layouts/application
  Rendered pages/home.html.erb within layouts/application (Duration: 16.2ms | Allocations: 6972)
[Webpacker] Everything's up-to-date. Nothing to do
  Rendered shared/_flashes.html.erb (Duration: 0.1ms | Allocations: 22)
  Rendered shared/_footer.html.erb (Duration: 0.1ms | Allocations: 91)
  Rendered layout layouts/application.html.erb (Duration: 2520.7ms | Allocations: 120318)
Completed 200 OK in 2526ms (Views: 2521.3ms | ActiveRecord: 0.9ms | Allocations: 122168)


Started GET "/" for ::1 at 2022-07-13 17:35:16 +0100
Processing by PagesController#home as HTML
  [1m[36mUser Load (0.9ms)[0m  [1m[34mSELECT "users".* FROM "users" WHERE "users"."id" = $1 ORDER BY "users"."id" ASC LIMIT $2[0m  [["id", 1], ["LIMIT", 1]]
  Rendering layout layouts/application.html.erb
  Rendering pages/home.html.erb within layouts/application
  Rendered pages/home.html.erb within layouts/application (Duration: 15.1ms | Allocations: 6972)
[Webpacker] Everything's up-to-date. Nothing to do
  Rendered shared/_flashes.html.erb (Duration: 0.0ms | Allocations: 22)
  Rendered shared/_footer.html.erb (Duration: 0.1ms | Allocations: 91)
  Rendered layout layouts/application.html.erb (Duration: 30.8ms | Allocations: 18648)
Completed 200 OK in 37ms (Views: 31.4ms | ActiveRecord: 0.9ms | Allocations: 20516)


Started GET "/" for ::1 at 2022-07-13 17:37:33 +0100
Processing by PagesController#home as HTML
  [1m[36mUser Load (1.9ms)[0m  [1m[34mSELECT "users".* FROM "users" WHERE "users"."id" = $1 ORDER BY "users"."id" ASC LIMIT $2[0m  [["id", 1], ["LIMIT", 1]]
  Rendering layout layouts/application.html.erb
  Rendering pages/home.html.erb within layouts/application
  Rendered pages/home.html.erb within layouts/application (Duration: 14.7ms | Allocations: 6918)
[Webpacker] Everything's up-to-date. Nothing to do
  Rendered shared/_flashes.html.erb (Duration: 0.1ms | Allocations: 22)
  Rendered shared/_footer.html.erb (Duration: 0.1ms | Allocations: 91)
  Rendered layout layouts/application.html.erb (Duration: 2705.1ms | Allocations: 120302)
Completed 200 OK in 2716ms (Views: 2705.7ms | ActiveRecord: 1.9ms | Allocations: 122150)


Started GET "/" for ::1 at 2022-07-13 17:38:12 +0100
Processing by PagesController#home as HTML
  [1m[36mUser Load (1.6ms)[0m  [1m[34mSELECT "users".* FROM "users" WHERE "users"."id" = $1 ORDER BY "users"."id" ASC LIMIT $2[0m  [["id", 1], ["LIMIT", 1]]
  Rendering layout layouts/application.html.erb
  Rendering pages/home.html.erb within layouts/application
  Rendered pages/home.html.erb within layouts/application (Duration: 13.8ms | Allocations: 6973)
[Webpacker] Everything's up-to-date. Nothing to do
  Rendered shared/_flashes.html.erb (Duration: 0.1ms | Allocations: 22)
  Rendered shared/_footer.html.erb (Duration: 0.1ms | Allocations: 91)
  Rendered layout layouts/application.html.erb (Duration: 2643.7ms | Allocations: 120818)
Completed 200 OK in 2652ms (Views: 2644.2ms | ActiveRecord: 1.6ms | Allocations: 122668)


Started GET "/venues?venues%5Baddress1%5D=Canary+Wharf%2C+Tower+Hamlets%2C+London%2C+E14+5AH%2C+United+Kingdom&venues%5Baddress2%5D=Wembley%2C+Greater+London%2C+England%2C+United+Kingdom&commit=Meet+Halfway%21" for ::1 at 2022-07-13 17:38:25 +0100
Processing by VenuesController#index as HTML
  Parameters: {"venues"=>{"address1"=>"Canary Wharf, Tower Hamlets, London, E14 5AH, United Kingdom", "address2"=>"Wembley, Greater London, England, United Kingdom"}, "commit"=>"Meet Halfway!"}
  [1m[36mUser Load (0.6ms)[0m  [1m[34mSELECT "users".* FROM "users" WHERE "users"."id" = $1 ORDER BY "users"."id" ASC LIMIT $2[0m  [["id", 1], ["LIMIT", 1]]
  [1m[36mVenue Load (26.2ms)[0m  [1m[34mSELECT venues.*, 6371.0 * 2 * ASIN(SQRT(POWER(SIN((51.530509 - venues.latitude) * PI() / 180 / 2), 2) + COS(51.530509 * PI() / 180) * COS(venues.latitude * PI() / 180) * POWER(SIN((-0.1495567181833385 - venues.longitude) * PI() / 180 / 2), 2))) AS distance, MOD(CAST((ATAN2( ((venues.longitude - -0.1495567181833385) / 57.2957795), ((venues.latitude - 51.530509) / 57.2957795)) * 57.2957795) + 360 AS decimal), 360) AS bearing FROM "venues" WHERE (venues.latitude BETWEEN 51.52151578394081 AND 51.53950221605919 AND venues.longitude BETWEEN -0.16401299133364555 AND -0.13510044503303142 AND (6371.0 * 2 * ASIN(SQRT(POWER(SIN((51.530509 - venues.latitude) * PI() / 180 / 2), 2) + COS(51.530509 * PI() / 180) * COS(venues.latitude * PI() / 180) * POWER(SIN((-0.1495567181833385 - venues.longitude) * PI() / 180 / 2), 2)))) BETWEEN 0.0 AND 1) AND (venues.latitude IS NOT NULL AND venues.longitude IS NOT NULL) ORDER BY distance ASC[0m
  ↳ app/controllers/venues_controller.rb:38:in `map'
  Rendered venues/_halfway_window.html.erb (Duration: 1.6ms | Allocations: 168)
  Rendering layout layouts/application.html.erb
  Rendering venues/index.html.erb within layouts/application
  [1m[36mVenue Load (5.0ms)[0m  [1m[34mSELECT "venues".* FROM "venues"[0m
  ↳ app/views/venues/index.html.erb:15
  [1m[36mFavourite Exists? (8.4ms)[0m  [1m[34mSELECT 1 AS one FROM "favourites" WHERE "favourites"."venue_id" = $1 LIMIT $2[0m  [["venue_id", 210], ["LIMIT", 1]]
  ↳ app/views/venues/index.html.erb:30
  [1m[36mCACHE Favourite Exists? (0.0ms)[0m  [1m[34mSELECT 1 AS one FROM "favourites" WHERE "favourites"."venue_id" = $1 LIMIT $2[0m  [["venue_id", 210], ["LIMIT", 1]]
  ↳ app/views/venues/index.html.erb:46
  [1m[36mFavourite Exists? (1.8ms)[0m  [1m[34mSELECT 1 AS one FROM "favourites" WHERE "favourites"."venue_id" = $1 LIMIT $2[0m  [["venue_id", 211], ["LIMIT", 1]]
  ↳ app/views/venues/index.html.erb:30
  [1m[36mCACHE Favourite Exists? (0.0ms)[0m  [1m[34mSELECT 1 AS one FROM "favourites" WHERE "favourites"."venue_id" = $1 LIMIT $2[0m  [["venue_id", 211], ["LIMIT", 1]]
  ↳ app/views/venues/index.html.erb:46
  [1m[36mFavourite Exists? (0.9ms)[0m  [1m[34mSELECT 1 AS one FROM "favourites" WHERE "favourites"."venue_id" = $1 LIMIT $2[0m  [["venue_id", 212], ["LIMIT", 1]]
  ↳ app/views/venues/index.html.erb:30
  [1m[36mFavourite Load (1.1ms)[0m  [1m[34mSELECT "favourites".* FROM "favourites" WHERE "favourites"."venue_id" = $1 ORDER BY "favourites"."id" ASC LIMIT $2[0m  [["venue_id", 212], ["LIMIT", 1]]
  ↳ app/views/venues/index.html.erb:31
  [1m[36mCACHE Favourite Exists? (0.0ms)[0m  [1m[34mSELECT 1 AS one FROM "favourites" WHERE "favourites"."venue_id" = $1 LIMIT $2[0m  [["venue_id", 212], ["LIMIT", 1]]
  ↳ app/views/venues/index.html.erb:46
  [1m[36mCACHE Favourite Load (0.0ms)[0m  [1m[34mSELECT "favourites".* FROM "favourites" WHERE "favourites"."venue_id" = $1 ORDER BY "favourites"."id" ASC LIMIT $2[0m  [["venue_id", 212], ["LIMIT", 1]]
  ↳ app/views/venues/index.html.erb:47
  [1m[36mFavourite Exists? (0.8ms)[0m  [1m[34mSELECT 1 AS one FROM "favourites" WHERE "favourites"."venue_id" = $1 LIMIT $2[0m  [["venue_id", 213], ["LIMIT", 1]]
  ↳ app/views/venues/index.html.erb:30
  [1m[36mCACHE Favourite Exists? (0.0ms)[0m  [1m[34mSELECT 1 AS one FROM "favourites" WHERE "favourites"."venue_id" = $1 LIMIT $2[0m  [["venue_id", 213], ["LIMIT", 1]]
  ↳ app/views/venues/index.html.erb:46
  [1m[36mFavourite Exists? (0.5ms)[0m  [1m[34mSELECT 1 AS one FROM "favourites" WHERE "favourites"."venue_id" = $1 LIMIT $2[0m  [["venue_id", 214], ["LIMIT", 1]]
  ↳ app/views/venues/index.html.erb:30
  [1m[36mCACHE Favourite Exists? (0.0ms)[0m  [1m[34mSELECT 1 AS one FROM "favourites" WHERE "favourites"."venue_id" = $1 LIMIT $2[0m  [["venue_id", 214], ["LIMIT", 1]]
  ↳ app/views/venues/index.html.erb:46
  [1m[36mFavourite Exists? (0.6ms)[0m  [1m[34mSELECT 1 AS one FROM "favourites" WHERE "favourites"."venue_id" = $1 LIMIT $2[0m  [["venue_id", 215], ["LIMIT", 1]]
  ↳ app/views/venues/index.html.erb:30
  [1m[36mCACHE Favourite Exists? (0.0ms)[0m  [1m[34mSELECT 1 AS one FROM "favourites" WHERE "favourites"."venue_id" = $1 LIMIT $2[0m  [["venue_id", 215], ["LIMIT", 1]]
  ↳ app/views/venues/index.html.erb:46
  [1m[36mFavourite Exists? (0.6ms)[0m  [1m[34mSELECT 1 AS one FROM "favourites" WHERE "favourites"."venue_id" = $1 LIMIT $2[0m  [["venue_id", 216], ["LIMIT", 1]]
  ↳ app/views/venues/index.html.erb:30
  [1m[36mCACHE Favourite Exists? (0.0ms)[0m  [1m[34mSELECT 1 AS one FROM "favourites" WHERE "favourites"."venue_id" = $1 LIMIT $2[0m  [["venue_id", 216], ["LIMIT", 1]]
  ↳ app/views/venues/index.html.erb:46
  [1m[36mFavourite Exists? (6.1ms)[0m  [1m[34mSELECT 1 AS one FROM "favourites" WHERE "favourites"."venue_id" = $1 LIMIT $2[0m  [["venue_id", 217], ["LIMIT", 1]]
  ↳ app/views/venues/index.html.erb:30
  [1m[36mCACHE Favourite Exists? (0.0ms)[0m  [1m[34mSELECT 1 AS one FROM "favourites" WHERE "favourites"."venue_id" = $1 LIMIT $2[0m  [["venue_id", 217], ["LIMIT", 1]]
  ↳ app/views/venues/index.html.erb:46
  [1m[36mFavourite Exists? (0.6ms)[0m  [1m[34mSELECT 1 AS one FROM "favourites" WHERE "favourites"."venue_id" = $1 LIMIT $2[0m  [["venue_id", 218], ["LIMIT", 1]]
  ↳ app/views/venues/index.html.erb:30
  [1m[36mCACHE Favourite Exists? (0.0ms)[0m  [1m[34mSELECT 1 AS one FROM "favourites" WHERE "favourites"."venue_id" = $1 LIMIT $2[0m  [["venue_id", 218], ["LIMIT", 1]]
  ↳ app/views/venues/index.html.erb:46
  [1m[36mFavourite Exists? (0.6ms)[0m  [1m[34mSELECT 1 AS one FROM "favourites" WHERE "favourites"."venue_id" = $1 LIMIT $2[0m  [["venue_id", 219], ["LIMIT", 1]]
  ↳ app/views/venues/index.html.erb:30
  [1m[36mCACHE Favourite Exists? (0.0ms)[0m  [1m[34mSELECT 1 AS one FROM "favourites" WHERE "favourites"."venue_id" = $1 LIMIT $2[0m  [["venue_id", 219], ["LIMIT", 1]]
  ↳ app/views/venues/index.html.erb:46
  [1m[36mFavourite Exists? (0.6ms)[0m  [1m[34mSELECT 1 AS one FROM "favourites" WHERE "favourites"."venue_id" = $1 LIMIT $2[0m  [["venue_id", 220], ["LIMIT", 1]]
  ↳ app/views/venues/index.html.erb:30
  [1m[36mCACHE Favourite Exists? (0.0ms)[0m  [1m[34mSELECT 1 AS one FROM "favourites" WHERE "favourites"."venue_id" = $1 LIMIT $2[0m  [["venue_id", 220], ["LIMIT", 1]]
  ↳ app/views/venues/index.html.erb:46
  [1m[36mFavourite Exists? (0.5ms)[0m  [1m[34mSELECT 1 AS one FROM "favourites" WHERE "favourites"."venue_id" = $1 LIMIT $2[0m  [["venue_id", 221], ["LIMIT", 1]]
  ↳ app/views/venues/index.html.erb:30
  [1m[36mCACHE Favourite Exists? (0.0ms)[0m  [1m[34mSELECT 1 AS one FROM "favourites" WHERE "favourites"."venue_id" = $1 LIMIT $2[0m  [["venue_id", 221], ["LIMIT", 1]]
  ↳ app/views/venues/index.html.erb:46
  [1m[36mFavourite Exists? (1.1ms)[0m  [1m[34mSELECT 1 AS one FROM "favourites" WHERE "favourites"."venue_id" = $1 LIMIT $2[0m  [["venue_id", 222], ["LIMIT", 1]]
  ↳ app/views/venues/index.html.erb:30
  [1m[36mCACHE Favourite Exists? (0.0ms)[0m  [1m[34mSELECT 1 AS one FROM "favourites" WHERE "favourites"."venue_id" = $1 LIMIT $2[0m  [["venue_id", 222], ["LIMIT", 1]]
  ↳ app/views/venues/index.html.erb:46
  [1m[36mFavourite Exists? (0.6ms)[0m  [1m[34mSELECT 1 AS one FROM "favourites" WHERE "favourites"."venue_id" = $1 LIMIT $2[0m  [["venue_id", 223], ["LIMIT", 1]]
  ↳ app/views/venues/index.html.erb:30
  [1m[36mCACHE Favourite Exists? (0.0ms)[0m  [1m[34mSELECT 1 AS one FROM "favourites" WHERE "favourites"."venue_id" = $1 LIMIT $2[0m  [["venue_id", 223], ["LIMIT", 1]]
  ↳ app/views/venues/index.html.erb:46
  [1m[36mFavourite Exists? (0.6ms)[0m  [1m[34mSELECT 1 AS one FROM "favourites" WHERE "favourites"."venue_id" = $1 LIMIT $2[0m  [["venue_id", 224], ["LIMIT", 1]]
  ↳ app/views/venues/index.html.erb:30
  [1m[36mCACHE Favourite Exists? (0.0ms)[0m  [1m[34mSELECT 1 AS one FROM "favourites" WHERE "favourites"."venue_id" = $1 LIMIT $2[0m  [["venue_id", 224], ["LIMIT", 1]]
  ↳ app/views/venues/index.html.erb:46
  [1m[36mFavourite Exists? (0.5ms)[0m  [1m[34mSELECT 1 AS one FROM "favourites" WHERE "favourites"."venue_id" = $1 LIMIT $2[0m  [["venue_id", 225], ["LIMIT", 1]]
  ↳ app/views/venues/index.html.erb:30
  [1m[36mCACHE Favourite Exists? (0.0ms)[0m  [1m[34mSELECT 1 AS one FROM "favourites" WHERE "favourites"."venue_id" = $1 LIMIT $2[0m  [["venue_id", 225], ["LIMIT", 1]]
  ↳ app/views/venues/index.html.erb:46
  [1m[36mFavourite Exists? (0.5ms)[0m  [1m[34mSELECT 1 AS one FROM "favourites" WHERE "favourites"."venue_id" = $1 LIMIT $2[0m  [["venue_id", 226], ["LIMIT", 1]]
  ↳ app/views/venues/index.html.erb:30
  [1m[36mCACHE Favourite Exists? (0.0ms)[0m  [1m[34mSELECT 1 AS one FROM "favourites" WHERE "favourites"."venue_id" = $1 LIMIT $2[0m  [["venue_id", 226], ["LIMIT", 1]]
  ↳ app/views/venues/index.html.erb:46
  [1m[36mFavourite Exists? (0.5ms)[0m  [1m[34mSELECT 1 AS one FROM "favourites" WHERE "favourites"."venue_id" = $1 LIMIT $2[0m  [["venue_id", 227], ["LIMIT", 1]]
  ↳ app/views/venues/index.html.erb:30
  [1m[36mCACHE Favourite Exists? (0.0ms)[0m  [1m[34mSELECT 1 AS one FROM "favourites" WHERE "favourites"."venue_id" = $1 LIMIT $2[0m  [["venue_id", 227], ["LIMIT", 1]]
  ↳ app/views/venues/index.html.erb:46
  [1m[36mFavourite Exists? (0.5ms)[0m  [1m[34mSELECT 1 AS one FROM "favourites" WHERE "favourites"."venue_id" = $1 LIMIT $2[0m  [["venue_id", 228], ["LIMIT", 1]]
  ↳ app/views/venues/index.html.erb:30
  [1m[36mCACHE Favourite Exists? (0.0ms)[0m  [1m[34mSELECT 1 AS one FROM "favourites" WHERE "favourites"."venue_id" = $1 LIMIT $2[0m  [["venue_id", 228], ["LIMIT", 1]]
  ↳ app/views/venues/index.html.erb:46
  [1m[36mFavourite Exists? (0.5ms)[0m  [1m[34mSELECT 1 AS one FROM "favourites" WHERE "favourites"."venue_id" = $1 LIMIT $2[0m  [["venue_id", 229], ["LIMIT", 1]]
  ↳ app/views/venues/index.html.erb:30
  [1m[36mCACHE Favourite Exists? (0.0ms)[0m  [1m[34mSELECT 1 AS one FROM "favourites" WHERE "favourites"."venue_id" = $1 LIMIT $2[0m  [["venue_id", 229], ["LIMIT", 1]]
  ↳ app/views/venues/index.html.erb:46
  [1m[36mFavourite Exists? (0.5ms)[0m  [1m[34mSELECT 1 AS one FROM "favourites" WHERE "favourites"."venue_id" = $1 LIMIT $2[0m  [["venue_id", 230], ["LIMIT", 1]]
  ↳ app/views/venues/index.html.erb:30
  [1m[36mCACHE Favourite Exists? (0.0ms)[0m  [1m[34mSELECT 1 AS one FROM "favourites" WHERE "favourites"."venue_id" = $1 LIMIT $2[0m  [["venue_id", 230], ["LIMIT", 1]]
  ↳ app/views/venues/index.html.erb:46
  [1m[36mFavourite Exists? (0.5ms)[0m  [1m[34mSELECT 1 AS one FROM "favourites" WHERE "favourites"."venue_id" = $1 LIMIT $2[0m  [["venue_id", 231], ["LIMIT", 1]]
  ↳ app/views/venues/index.html.erb:30
  [1m[36mCACHE Favourite Exists? (0.0ms)[0m  [1m[34mSELECT 1 AS one FROM "favourites" WHERE "favourites"."venue_id" = $1 LIMIT $2[0m  [["venue_id", 231], ["LIMIT", 1]]
  ↳ app/views/venues/index.html.erb:46
  [1m[36mFavourite Exists? (0.5ms)[0m  [1m[34mSELECT 1 AS one FROM "favourites" WHERE "favourites"."venue_id" = $1 LIMIT $2[0m  [["venue_id", 232], ["LIMIT", 1]]
  ↳ app/views/venues/index.html.erb:30
  [1m[36mCACHE Favourite Exists? (0.0ms)[0m  [1m[34mSELECT 1 AS one FROM "favourites" WHERE "favourites"."venue_id" = $1 LIMIT $2[0m  [["venue_id", 232], ["LIMIT", 1]]
  ↳ app/views/venues/index.html.erb:46
  [1m[36mFavourite Exists? (0.4ms)[0m  [1m[34mSELECT 1 AS one FROM "favourites" WHERE "favourites"."venue_id" = $1 LIMIT $2[0m  [["venue_id", 233], ["LIMIT", 1]]
  ↳ app/views/venues/index.html.erb:30
  [1m[36mCACHE Favourite Exists? (0.0ms)[0m  [1m[34mSELECT 1 AS one FROM "favourites" WHERE "favourites"."venue_id" = $1 LIMIT $2[0m  [["venue_id", 233], ["LIMIT", 1]]
  ↳ app/views/venues/index.html.erb:46
  Rendered venues/index.html.erb within layouts/application (Duration: 140.8ms | Allocations: 57484)
[Webpacker] Everything's up-to-date. Nothing to do
  Rendered shared/_flashes.html.erb (Duration: 0.0ms | Allocations: 36)
  Rendered shared/_footer.html.erb (Duration: 0.1ms | Allocations: 97)
  Rendered layout layouts/application.html.erb (Duration: 156.3ms | Allocations: 69546)
Completed 200 OK in 1754ms (Views: 100.4ms | ActiveRecord: 89.4ms | Allocations: 85563)


Started GET "/venues?venues%5Baddress1%5D=Canary+Wharf%2C+Tower+Hamlets%2C+London%2C+E14+5AH%2C+United+Kingdom&venues%5Baddress2%5D=Wembley%2C+Greater+London%2C+England%2C+United+Kingdom&commit=Meet+Halfway%21" for ::1 at 2022-07-13 17:38:35 +0100
Processing by VenuesController#index as HTML
  Parameters: {"venues"=>{"address1"=>"Canary Wharf, Tower Hamlets, London, E14 5AH, United Kingdom", "address2"=>"Wembley, Greater London, England, United Kingdom"}, "commit"=>"Meet Halfway!"}
  [1m[36mUser Load (1.3ms)[0m  [1m[34mSELECT "users".* FROM "users" WHERE "users"."id" = $1 ORDER BY "users"."id" ASC LIMIT $2[0m  [["id", 1], ["LIMIT", 1]]
  [1m[36mVenue Load (2.6ms)[0m  [1m[34mSELECT venues.*, 6371.0 * 2 * ASIN(SQRT(POWER(SIN((51.530509 - venues.latitude) * PI() / 180 / 2), 2) + COS(51.530509 * PI() / 180) * COS(venues.latitude * PI() / 180) * POWER(SIN((-0.1495567181833385 - venues.longitude) * PI() / 180 / 2), 2))) AS distance, MOD(CAST((ATAN2( ((venues.longitude - -0.1495567181833385) / 57.2957795), ((venues.latitude - 51.530509) / 57.2957795)) * 57.2957795) + 360 AS decimal), 360) AS bearing FROM "venues" WHERE (venues.latitude BETWEEN 51.52151578394081 AND 51.53950221605919 AND venues.longitude BETWEEN -0.16401299133364555 AND -0.13510044503303142 AND (6371.0 * 2 * ASIN(SQRT(POWER(SIN((51.530509 - venues.latitude) * PI() / 180 / 2), 2) + COS(51.530509 * PI() / 180) * COS(venues.latitude * PI() / 180) * POWER(SIN((-0.1495567181833385 - venues.longitude) * PI() / 180 / 2), 2)))) BETWEEN 0.0 AND 1) AND (venues.latitude IS NOT NULL AND venues.longitude IS NOT NULL) ORDER BY distance ASC[0m
  ↳ app/controllers/venues_controller.rb:38:in `map'
  Rendered venues/_halfway_window.html.erb (Duration: 0.1ms | Allocations: 8)
  Rendering layout layouts/application.html.erb
  Rendering venues/index.html.erb within layouts/application
  [1m[36mVenue Load (2.0ms)[0m  [1m[34mSELECT "venues".* FROM "venues"[0m
  ↳ app/views/venues/index.html.erb:15
  [1m[36mFavourite Exists? (1.8ms)[0m  [1m[34mSELECT 1 AS one FROM "favourites" WHERE "favourites"."venue_id" = $1 LIMIT $2[0m  [["venue_id", 210], ["LIMIT", 1]]
  ↳ app/views/venues/index.html.erb:30
  [1m[36mCACHE Favourite Exists? (0.0ms)[0m  [1m[34mSELECT 1 AS one FROM "favourites" WHERE "favourites"."venue_id" = $1 LIMIT $2[0m  [["venue_id", 210], ["LIMIT", 1]]
  ↳ app/views/venues/index.html.erb:46
  [1m[36mFavourite Exists? (1.6ms)[0m  [1m[34mSELECT 1 AS one FROM "favourites" WHERE "favourites"."venue_id" = $1 LIMIT $2[0m  [["venue_id", 211], ["LIMIT", 1]]
  ↳ app/views/venues/index.html.erb:30
  [1m[36mCACHE Favourite Exists? (0.0ms)[0m  [1m[34mSELECT 1 AS one FROM "favourites" WHERE "favourites"."venue_id" = $1 LIMIT $2[0m  [["venue_id", 211], ["LIMIT", 1]]
  ↳ app/views/venues/index.html.erb:46
  [1m[36mFavourite Exists? (1.7ms)[0m  [1m[34mSELECT 1 AS one FROM "favourites" WHERE "favourites"."venue_id" = $1 LIMIT $2[0m  [["venue_id", 212], ["LIMIT", 1]]
  ↳ app/views/venues/index.html.erb:30
  [1m[36mFavourite Load (1.4ms)[0m  [1m[34mSELECT "favourites".* FROM "favourites" WHERE "favourites"."venue_id" = $1 ORDER BY "favourites"."id" ASC LIMIT $2[0m  [["venue_id", 212], ["LIMIT", 1]]
  ↳ app/views/venues/index.html.erb:31
  [1m[36mCACHE Favourite Exists? (0.0ms)[0m  [1m[34mSELECT 1 AS one FROM "favourites" WHERE "favourites"."venue_id" = $1 LIMIT $2[0m  [["venue_id", 212], ["LIMIT", 1]]
  ↳ app/views/venues/index.html.erb:46
  [1m[36mCACHE Favourite Load (0.0ms)[0m  [1m[34mSELECT "favourites".* FROM "favourites" WHERE "favourites"."venue_id" = $1 ORDER BY "favourites"."id" ASC LIMIT $2[0m  [["venue_id", 212], ["LIMIT", 1]]
  ↳ app/views/venues/index.html.erb:47
  [1m[36mFavourite Exists? (2.3ms)[0m  [1m[34mSELECT 1 AS one FROM "favourites" WHERE "favourites"."venue_id" = $1 LIMIT $2[0m  [["venue_id", 213], ["LIMIT", 1]]
  ↳ app/views/venues/index.html.erb:30
  [1m[36mCACHE Favourite Exists? (0.0ms)[0m  [1m[34mSELECT 1 AS one FROM "favourites" WHERE "favourites"."venue_id" = $1 LIMIT $2[0m  [["venue_id", 213], ["LIMIT", 1]]
  ↳ app/views/venues/index.html.erb:46
  [1m[36mFavourite Exists? (1.4ms)[0m  [1m[34mSELECT 1 AS one FROM "favourites" WHERE "favourites"."venue_id" = $1 LIMIT $2[0m  [["venue_id", 214], ["LIMIT", 1]]
  ↳ app/views/venues/index.html.erb:30
  [1m[36mCACHE Favourite Exists? (0.0ms)[0m  [1m[34mSELECT 1 AS one FROM "favourites" WHERE "favourites"."venue_id" = $1 LIMIT $2[0m  [["venue_id", 214], ["LIMIT", 1]]
  ↳ app/views/venues/index.html.erb:46
  [1m[36mFavourite Exists? (2.0ms)[0m  [1m[34mSELECT 1 AS one FROM "favourites" WHERE "favourites"."venue_id" = $1 LIMIT $2[0m  [["venue_id", 215], ["LIMIT", 1]]
  ↳ app/views/venues/index.html.erb:30
  [1m[36mCACHE Favourite Exists? (0.0ms)[0m  [1m[34mSELECT 1 AS one FROM "favourites" WHERE "favourites"."venue_id" = $1 LIMIT $2[0m  [["venue_id", 215], ["LIMIT", 1]]
  ↳ app/views/venues/index.html.erb:46
  [1m[36mFavourite Exists? (4.6ms)[0m  [1m[34mSELECT 1 AS one FROM "favourites" WHERE "favourites"."venue_id" = $1 LIMIT $2[0m  [["venue_id", 216], ["LIMIT", 1]]
  ↳ app/views/venues/index.html.erb:30
  [1m[36mCACHE Favourite Exists? (0.0ms)[0m  [1m[34mSELECT 1 AS one FROM "favourites" WHERE "favourites"."venue_id" = $1 LIMIT $2[0m  [["venue_id", 216], ["LIMIT", 1]]
  ↳ app/views/venues/index.html.erb:46
  [1m[36mFavourite Exists? (1.1ms)[0m  [1m[34mSELECT 1 AS one FROM "favourites" WHERE "favourites"."venue_id" = $1 LIMIT $2[0m  [["venue_id", 217], ["LIMIT", 1]]
  ↳ app/views/venues/index.html.erb:30
  [1m[36mCACHE Favourite Exists? (0.0ms)[0m  [1m[34mSELECT 1 AS one FROM "favourites" WHERE "favourites"."venue_id" = $1 LIMIT $2[0m  [["venue_id", 217], ["LIMIT", 1]]
  ↳ app/views/venues/index.html.erb:46
  [1m[36mFavourite Exists? (0.8ms)[0m  [1m[34mSELECT 1 AS one FROM "favourites" WHERE "favourites"."venue_id" = $1 LIMIT $2[0m  [["venue_id", 218], ["LIMIT", 1]]
  ↳ app/views/venues/index.html.erb:30
  [1m[36mCACHE Favourite Exists? (0.0ms)[0m  [1m[34mSELECT 1 AS one FROM "favourites" WHERE "favourites"."venue_id" = $1 LIMIT $2[0m  [["venue_id", 218], ["LIMIT", 1]]
  ↳ app/views/venues/index.html.erb:46
  [1m[36mFavourite Exists? (1.0ms)[0m  [1m[34mSELECT 1 AS one FROM "favourites" WHERE "favourites"."venue_id" = $1 LIMIT $2[0m  [["venue_id", 219], ["LIMIT", 1]]
  ↳ app/views/venues/index.html.erb:30
  [1m[36mCACHE Favourite Exists? (0.0ms)[0m  [1m[34mSELECT 1 AS one FROM "favourites" WHERE "favourites"."venue_id" = $1 LIMIT $2[0m  [["venue_id", 219], ["LIMIT", 1]]
  ↳ app/views/venues/index.html.erb:46
  [1m[36mFavourite Exists? (0.7ms)[0m  [1m[34mSELECT 1 AS one FROM "favourites" WHERE "favourites"."venue_id" = $1 LIMIT $2[0m  [["venue_id", 220], ["LIMIT", 1]]
  ↳ app/views/venues/index.html.erb:30
  [1m[36mCACHE Favourite Exists? (0.0ms)[0m  [1m[34mSELECT 1 AS one FROM "favourites" WHERE "favourites"."venue_id" = $1 LIMIT $2[0m  [["venue_id", 220], ["LIMIT", 1]]
  ↳ app/views/venues/index.html.erb:46
  [1m[36mFavourite Exists? (0.8ms)[0m  [1m[34mSELECT 1 AS one FROM "favourites" WHERE "favourites"."venue_id" = $1 LIMIT $2[0m  [["venue_id", 221], ["LIMIT", 1]]
  ↳ app/views/venues/index.html.erb:30
  [1m[36mCACHE Favourite Exists? (0.0ms)[0m  [1m[34mSELECT 1 AS one FROM "favourites" WHERE "favourites"."venue_id" = $1 LIMIT $2[0m  [["venue_id", 221], ["LIMIT", 1]]
  ↳ app/views/venues/index.html.erb:46
  [1m[36mFavourite Exists? (0.8ms)[0m  [1m[34mSELECT 1 AS one FROM "favourites" WHERE "favourites"."venue_id" = $1 LIMIT $2[0m  [["venue_id", 222], ["LIMIT", 1]]
  ↳ app/views/venues/index.html.erb:30
  [1m[36mCACHE Favourite Exists? (0.0ms)[0m  [1m[34mSELECT 1 AS one FROM "favourites" WHERE "favourites"."venue_id" = $1 LIMIT $2[0m  [["venue_id", 222], ["LIMIT", 1]]
  ↳ app/views/venues/index.html.erb:46
  [1m[36mFavourite Exists? (1.0ms)[0m  [1m[34mSELECT 1 AS one FROM "favourites" WHERE "favourites"."venue_id" = $1 LIMIT $2[0m  [["venue_id", 223], ["LIMIT", 1]]
  ↳ app/views/venues/index.html.erb:30
  [1m[36mCACHE Favourite Exists? (0.0ms)[0m  [1m[34mSELECT 1 AS one FROM "favourites" WHERE "favourites"."venue_id" = $1 LIMIT $2[0m  [["venue_id", 223], ["LIMIT", 1]]
  ↳ app/views/venues/index.html.erb:46
  [1m[36mFavourite Exists? (0.8ms)[0m  [1m[34mSELECT 1 AS one FROM "favourites" WHERE "favourites"."venue_id" = $1 LIMIT $2[0m  [["venue_id", 224], ["LIMIT", 1]]
  ↳ app/views/venues/index.html.erb:30
  [1m[36mCACHE Favourite Exists? (0.0ms)[0m  [1m[34mSELECT 1 AS one FROM "favourites" WHERE "favourites"."venue_id" = $1 LIMIT $2[0m  [["venue_id", 224], ["LIMIT", 1]]
  ↳ app/views/venues/index.html.erb:46
  [1m[36mFavourite Exists? (0.8ms)[0m  [1m[34mSELECT 1 AS one FROM "favourites" WHERE "favourites"."venue_id" = $1 LIMIT $2[0m  [["venue_id", 225], ["LIMIT", 1]]
  ↳ app/views/venues/index.html.erb:30
  [1m[36mCACHE Favourite Exists? (0.0ms)[0m  [1m[34mSELECT 1 AS one FROM "favourites" WHERE "favourites"."venue_id" = $1 LIMIT $2[0m  [["venue_id", 225], ["LIMIT", 1]]
  ↳ app/views/venues/index.html.erb:46
  [1m[36mFavourite Exists? (1.3ms)[0m  [1m[34mSELECT 1 AS one FROM "favourites" WHERE "favourites"."venue_id" = $1 LIMIT $2[0m  [["venue_id", 226], ["LIMIT", 1]]
  ↳ app/views/venues/index.html.erb:30
  [1m[36mCACHE Favourite Exists? (0.0ms)[0m  [1m[34mSELECT 1 AS one FROM "favourites" WHERE "favourites"."venue_id" = $1 LIMIT $2[0m  [["venue_id", 226], ["LIMIT", 1]]
  ↳ app/views/venues/index.html.erb:46
  [1m[36mFavourite Exists? (0.7ms)[0m  [1m[34mSELECT 1 AS one FROM "favourites" WHERE "favourites"."venue_id" = $1 LIMIT $2[0m  [["venue_id", 227], ["LIMIT", 1]]
  ↳ app/views/venues/index.html.erb:30
  [1m[36mCACHE Favourite Exists? (0.0ms)[0m  [1m[34mSELECT 1 AS one FROM "favourites" WHERE "favourites"."venue_id" = $1 LIMIT $2[0m  [["venue_id", 227], ["LIMIT", 1]]
  ↳ app/views/venues/index.html.erb:46
  [1m[36mFavourite Exists? (0.9ms)[0m  [1m[34mSELECT 1 AS one FROM "favourites" WHERE "favourites"."venue_id" = $1 LIMIT $2[0m  [["venue_id", 228], ["LIMIT", 1]]
  ↳ app/views/venues/index.html.erb:30
  [1m[36mCACHE Favourite Exists? (0.0ms)[0m  [1m[34mSELECT 1 AS one FROM "favourites" WHERE "favourites"."venue_id" = $1 LIMIT $2[0m  [["venue_id", 228], ["LIMIT", 1]]
  ↳ app/views/venues/index.html.erb:46
  [1m[36mFavourite Exists? (2.8ms)[0m  [1m[34mSELECT 1 AS one FROM "favourites" WHERE "favourites"."venue_id" = $1 LIMIT $2[0m  [["venue_id", 229], ["LIMIT", 1]]
  ↳ app/views/venues/index.html.erb:30
  [1m[36mCACHE Favourite Exists? (0.0ms)[0m  [1m[34mSELECT 1 AS one FROM "favourites" WHERE "favourites"."venue_id" = $1 LIMIT $2[0m  [["venue_id", 229], ["LIMIT", 1]]
  ↳ app/views/venues/index.html.erb:46
  [1m[36mFavourite Exists? (0.6ms)[0m  [1m[34mSELECT 1 AS one FROM "favourites" WHERE "favourites"."venue_id" = $1 LIMIT $2[0m  [["venue_id", 230], ["LIMIT", 1]]
  ↳ app/views/venues/index.html.erb:30
  [1m[36mCACHE Favourite Exists? (0.0ms)[0m  [1m[34mSELECT 1 AS one FROM "favourites" WHERE "favourites"."venue_id" = $1 LIMIT $2[0m  [["venue_id", 230], ["LIMIT", 1]]
  ↳ app/views/venues/index.html.erb:46
  [1m[36mFavourite Exists? (0.7ms)[0m  [1m[34mSELECT 1 AS one FROM "favourites" WHERE "favourites"."venue_id" = $1 LIMIT $2[0m  [["venue_id", 231], ["LIMIT", 1]]
  ↳ app/views/venues/index.html.erb:30
  [1m[36mCACHE Favourite Exists? (0.0ms)[0m  [1m[34mSELECT 1 AS one FROM "favourites" WHERE "favourites"."venue_id" = $1 LIMIT $2[0m  [["venue_id", 231], ["LIMIT", 1]]
  ↳ app/views/venues/index.html.erb:46
  [1m[36mFavourite Exists? (0.5ms)[0m  [1m[34mSELECT 1 AS one FROM "favourites" WHERE "favourites"."venue_id" = $1 LIMIT $2[0m  [["venue_id", 232], ["LIMIT", 1]]
  ↳ app/views/venues/index.html.erb:30
  [1m[36mCACHE Favourite Exists? (0.0ms)[0m  [1m[34mSELECT 1 AS one FROM "favourites" WHERE "favourites"."venue_id" = $1 LIMIT $2[0m  [["venue_id", 232], ["LIMIT", 1]]
  ↳ app/views/venues/index.html.erb:46
  [1m[36mFavourite Exists? (0.6ms)[0m  [1m[34mSELECT 1 AS one FROM "favourites" WHERE "favourites"."venue_id" = $1 LIMIT $2[0m  [["venue_id", 233], ["LIMIT", 1]]
  ↳ app/views/venues/index.html.erb:30
  [1m[36mCACHE Favourite Exists? (0.0ms)[0m  [1m[34mSELECT 1 AS one FROM "favourites" WHERE "favourites"."venue_id" = $1 LIMIT $2[0m  [["venue_id", 233], ["LIMIT", 1]]
  ↳ app/views/venues/index.html.erb:46
  Rendered venues/index.html.erb within layouts/application (Duration: 99.4ms | Allocations: 39180)
[Webpacker] Everything's up-to-date. Nothing to do
  Rendered shared/_flashes.html.erb (Duration: 0.0ms | Allocations: 22)
  Rendered shared/_footer.html.erb (Duration: 0.1ms | Allocations: 91)
  Rendered layout layouts/application.html.erb (Duration: 109.8ms | Allocations: 51017)
Completed 200 OK in 1223ms (Views: 75.2ms | ActiveRecord: 39.0ms | Allocations: 59256)


Started GET "/" for ::1 at 2022-07-13 17:38:40 +0100
Processing by PagesController#home as HTML
  [1m[36mUser Load (0.8ms)[0m  [1m[34mSELECT "users".* FROM "users" WHERE "users"."id" = $1 ORDER BY "users"."id" ASC LIMIT $2[0m  [["id", 1], ["LIMIT", 1]]
  Rendering layout layouts/application.html.erb
  Rendering pages/home.html.erb within layouts/application
  Rendered pages/home.html.erb within layouts/application (Duration: 15.0ms | Allocations: 7062)
[Webpacker] Everything's up-to-date. Nothing to do
  Rendered shared/_flashes.html.erb (Duration: 0.1ms | Allocations: 22)
  Rendered shared/_footer.html.erb (Duration: 0.1ms | Allocations: 91)
  Rendered layout layouts/application.html.erb (Duration: 46.2ms | Allocations: 18691)
Completed 200 OK in 52ms (Views: 46.7ms | ActiveRecord: 0.8ms | Allocations: 20545)


Started GET "/venues?venues%5Baddress1%5D=Canary+Wharf%2C+Tower+Hamlets%2C+London%2C+E14+5AH%2C+United+Kingdom&venues%5Baddress2%5D=Wembley%2C+Greater+London%2C+England%2C+United+Kingdom&commit=Meet+Halfway%21" for ::1 at 2022-07-13 17:38:54 +0100
Processing by VenuesController#index as HTML
  Parameters: {"venues"=>{"address1"=>"Canary Wharf, Tower Hamlets, London, E14 5AH, United Kingdom", "address2"=>"Wembley, Greater London, England, United Kingdom"}, "commit"=>"Meet Halfway!"}
  [1m[36mUser Load (0.6ms)[0m  [1m[34mSELECT "users".* FROM "users" WHERE "users"."id" = $1 ORDER BY "users"."id" ASC LIMIT $2[0m  [["id", 1], ["LIMIT", 1]]
  [1m[36mVenue Load (8.5ms)[0m  [1m[34mSELECT venues.*, 6371.0 * 2 * ASIN(SQRT(POWER(SIN((51.530509 - venues.latitude) * PI() / 180 / 2), 2) + COS(51.530509 * PI() / 180) * COS(venues.latitude * PI() / 180) * POWER(SIN((-0.1495567181833385 - venues.longitude) * PI() / 180 / 2), 2))) AS distance, MOD(CAST((ATAN2( ((venues.longitude - -0.1495567181833385) / 57.2957795), ((venues.latitude - 51.530509) / 57.2957795)) * 57.2957795) + 360 AS decimal), 360) AS bearing FROM "venues" WHERE (venues.latitude BETWEEN 51.52151578394081 AND 51.53950221605919 AND venues.longitude BETWEEN -0.16401299133364555 AND -0.13510044503303142 AND (6371.0 * 2 * ASIN(SQRT(POWER(SIN((51.530509 - venues.latitude) * PI() / 180 / 2), 2) + COS(51.530509 * PI() / 180) * COS(venues.latitude * PI() / 180) * POWER(SIN((-0.1495567181833385 - venues.longitude) * PI() / 180 / 2), 2)))) BETWEEN 0.0 AND 1) AND (venues.latitude IS NOT NULL AND venues.longitude IS NOT NULL) ORDER BY distance ASC[0m
  ↳ app/controllers/venues_controller.rb:38:in `map'
  Rendered venues/_halfway_window.html.erb (Duration: 0.2ms | Allocations: 8)
  Rendering layout layouts/application.html.erb
  Rendering venues/index.html.erb within layouts/application
  [1m[36mVenue Load (3.2ms)[0m  [1m[34mSELECT "venues".* FROM "venues"[0m
  ↳ app/views/venues/index.html.erb:15
  [1m[36mFavourite Exists? (1.7ms)[0m  [1m[34mSELECT 1 AS one FROM "favourites" WHERE "favourites"."venue_id" = $1 LIMIT $2[0m  [["venue_id", 210], ["LIMIT", 1]]
  ↳ app/views/venues/index.html.erb:30
  [1m[36mCACHE Favourite Exists? (0.0ms)[0m  [1m[34mSELECT 1 AS one FROM "favourites" WHERE "favourites"."venue_id" = $1 LIMIT $2[0m  [["venue_id", 210], ["LIMIT", 1]]
  ↳ app/views/venues/index.html.erb:46
  [1m[36mFavourite Exists? (2.1ms)[0m  [1m[34mSELECT 1 AS one FROM "favourites" WHERE "favourites"."venue_id" = $1 LIMIT $2[0m  [["venue_id", 211], ["LIMIT", 1]]
  ↳ app/views/venues/index.html.erb:30
  [1m[36mCACHE Favourite Exists? (0.0ms)[0m  [1m[34mSELECT 1 AS one FROM "favourites" WHERE "favourites"."venue_id" = $1 LIMIT $2[0m  [["venue_id", 211], ["LIMIT", 1]]
  ↳ app/views/venues/index.html.erb:46
  [1m[36mFavourite Exists? (1.2ms)[0m  [1m[34mSELECT 1 AS one FROM "favourites" WHERE "favourites"."venue_id" = $1 LIMIT $2[0m  [["venue_id", 212], ["LIMIT", 1]]
  ↳ app/views/venues/index.html.erb:30
  [1m[36mFavourite Load (2.8ms)[0m  [1m[34mSELECT "favourites".* FROM "favourites" WHERE "favourites"."venue_id" = $1 ORDER BY "favourites"."id" ASC LIMIT $2[0m  [["venue_id", 212], ["LIMIT", 1]]
  ↳ app/views/venues/index.html.erb:31
  [1m[36mCACHE Favourite Exists? (0.0ms)[0m  [1m[34mSELECT 1 AS one FROM "favourites" WHERE "favourites"."venue_id" = $1 LIMIT $2[0m  [["venue_id", 212], ["LIMIT", 1]]
  ↳ app/views/venues/index.html.erb:46
  [1m[36mCACHE Favourite Load (0.0ms)[0m  [1m[34mSELECT "favourites".* FROM "favourites" WHERE "favourites"."venue_id" = $1 ORDER BY "favourites"."id" ASC LIMIT $2[0m  [["venue_id", 212], ["LIMIT", 1]]
  ↳ app/views/venues/index.html.erb:47
  [1m[36mFavourite Exists? (1.1ms)[0m  [1m[34mSELECT 1 AS one FROM "favourites" WHERE "favourites"."venue_id" = $1 LIMIT $2[0m  [["venue_id", 213], ["LIMIT", 1]]
  ↳ app/views/venues/index.html.erb:30
  [1m[36mCACHE Favourite Exists? (0.0ms)[0m  [1m[34mSELECT 1 AS one FROM "favourites" WHERE "favourites"."venue_id" = $1 LIMIT $2[0m  [["venue_id", 213], ["LIMIT", 1]]
  ↳ app/views/venues/index.html.erb:46
  [1m[36mFavourite Exists? (1.1ms)[0m  [1m[34mSELECT 1 AS one FROM "favourites" WHERE "favourites"."venue_id" = $1 LIMIT $2[0m  [["venue_id", 214], ["LIMIT", 1]]
  ↳ app/views/venues/index.html.erb:30
  [1m[36mCACHE Favourite Exists? (0.0ms)[0m  [1m[34mSELECT 1 AS one FROM "favourites" WHERE "favourites"."venue_id" = $1 LIMIT $2[0m  [["venue_id", 214], ["LIMIT", 1]]
  ↳ app/views/venues/index.html.erb:46
  [1m[36mFavourite Exists? (0.8ms)[0m  [1m[34mSELECT 1 AS one FROM "favourites" WHERE "favourites"."venue_id" = $1 LIMIT $2[0m  [["venue_id", 215], ["LIMIT", 1]]
  ↳ app/views/venues/index.html.erb:30
  [1m[36mCACHE Favourite Exists? (0.0ms)[0m  [1m[34mSELECT 1 AS one FROM "favourites" WHERE "favourites"."venue_id" = $1 LIMIT $2[0m  [["venue_id", 215], ["LIMIT", 1]]
  ↳ app/views/venues/index.html.erb:46
  [1m[36mFavourite Exists? (1.0ms)[0m  [1m[34mSELECT 1 AS one FROM "favourites" WHERE "favourites"."venue_id" = $1 LIMIT $2[0m  [["venue_id", 216], ["LIMIT", 1]]
  ↳ app/views/venues/index.html.erb:30
  [1m[36mCACHE Favourite Exists? (0.0ms)[0m  [1m[34mSELECT 1 AS one FROM "favourites" WHERE "favourites"."venue_id" = $1 LIMIT $2[0m  [["venue_id", 216], ["LIMIT", 1]]
  ↳ app/views/venues/index.html.erb:46
  [1m[36mFavourite Exists? (0.8ms)[0m  [1m[34mSELECT 1 AS one FROM "favourites" WHERE "favourites"."venue_id" = $1 LIMIT $2[0m  [["venue_id", 217], ["LIMIT", 1]]
  ↳ app/views/venues/index.html.erb:30
  [1m[36mCACHE Favourite Exists? (0.0ms)[0m  [1m[34mSELECT 1 AS one FROM "favourites" WHERE "favourites"."venue_id" = $1 LIMIT $2[0m  [["venue_id", 217], ["LIMIT", 1]]
  ↳ app/views/venues/index.html.erb:46
  [1m[36mFavourite Exists? (0.7ms)[0m  [1m[34mSELECT 1 AS one FROM "favourites" WHERE "favourites"."venue_id" = $1 LIMIT $2[0m  [["venue_id", 218], ["LIMIT", 1]]
  ↳ app/views/venues/index.html.erb:30
  [1m[36mCACHE Favourite Exists? (0.0ms)[0m  [1m[34mSELECT 1 AS one FROM "favourites" WHERE "favourites"."venue_id" = $1 LIMIT $2[0m  [["venue_id", 218], ["LIMIT", 1]]
  ↳ app/views/venues/index.html.erb:46
  [1m[36mFavourite Exists? (1.8ms)[0m  [1m[34mSELECT 1 AS one FROM "favourites" WHERE "favourites"."venue_id" = $1 LIMIT $2[0m  [["venue_id", 219], ["LIMIT", 1]]
  ↳ app/views/venues/index.html.erb:30
  [1m[36mCACHE Favourite Exists? (0.0ms)[0m  [1m[34mSELECT 1 AS one FROM "favourites" WHERE "favourites"."venue_id" = $1 LIMIT $2[0m  [["venue_id", 219], ["LIMIT", 1]]
  ↳ app/views/venues/index.html.erb:46
  [1m[36mFavourite Exists? (0.7ms)[0m  [1m[34mSELECT 1 AS one FROM "favourites" WHERE "favourites"."venue_id" = $1 LIMIT $2[0m  [["venue_id", 220], ["LIMIT", 1]]
  ↳ app/views/venues/index.html.erb:30
  [1m[36mCACHE Favourite Exists? (0.0ms)[0m  [1m[34mSELECT 1 AS one FROM "favourites" WHERE "favourites"."venue_id" = $1 LIMIT $2[0m  [["venue_id", 220], ["LIMIT", 1]]
  ↳ app/views/venues/index.html.erb:46
  [1m[36mFavourite Exists? (0.9ms)[0m  [1m[34mSELECT 1 AS one FROM "favourites" WHERE "favourites"."venue_id" = $1 LIMIT $2[0m  [["venue_id", 221], ["LIMIT", 1]]
  ↳ app/views/venues/index.html.erb:30
  [1m[36mCACHE Favourite Exists? (0.0ms)[0m  [1m[34mSELECT 1 AS one FROM "favourites" WHERE "favourites"."venue_id" = $1 LIMIT $2[0m  [["venue_id", 221], ["LIMIT", 1]]
  ↳ app/views/venues/index.html.erb:46
  [1m[36mFavourite Exists? (0.7ms)[0m  [1m[34mSELECT 1 AS one FROM "favourites" WHERE "favourites"."venue_id" = $1 LIMIT $2[0m  [["venue_id", 222], ["LIMIT", 1]]
  ↳ app/views/venues/index.html.erb:30
  [1m[36mCACHE Favourite Exists? (0.0ms)[0m  [1m[34mSELECT 1 AS one FROM "favourites" WHERE "favourites"."venue_id" = $1 LIMIT $2[0m  [["venue_id", 222], ["LIMIT", 1]]
  ↳ app/views/venues/index.html.erb:46
  [1m[36mFavourite Exists? (1.0ms)[0m  [1m[34mSELECT 1 AS one FROM "favourites" WHERE "favourites"."venue_id" = $1 LIMIT $2[0m  [["venue_id", 223], ["LIMIT", 1]]
  ↳ app/views/venues/index.html.erb:30
  [1m[36mCACHE Favourite Exists? (0.0ms)[0m  [1m[34mSELECT 1 AS one FROM "favourites" WHERE "favourites"."venue_id" = $1 LIMIT $2[0m  [["venue_id", 223], ["LIMIT", 1]]
  ↳ app/views/venues/index.html.erb:46
  [1m[36mFavourite Exists? (0.7ms)[0m  [1m[34mSELECT 1 AS one FROM "favourites" WHERE "favourites"."venue_id" = $1 LIMIT $2[0m  [["venue_id", 224], ["LIMIT", 1]]
  ↳ app/views/venues/index.html.erb:30
  [1m[36mCACHE Favourite Exists? (0.0ms)[0m  [1m[34mSELECT 1 AS one FROM "favourites" WHERE "favourites"."venue_id" = $1 LIMIT $2[0m  [["venue_id", 224], ["LIMIT", 1]]
  ↳ app/views/venues/index.html.erb:46
  [1m[36mFavourite Exists? (0.7ms)[0m  [1m[34mSELECT 1 AS one FROM "favourites" WHERE "favourites"."venue_id" = $1 LIMIT $2[0m  [["venue_id", 225], ["LIMIT", 1]]
  ↳ app/views/venues/index.html.erb:30
  [1m[36mCACHE Favourite Exists? (0.0ms)[0m  [1m[34mSELECT 1 AS one FROM "favourites" WHERE "favourites"."venue_id" = $1 LIMIT $2[0m  [["venue_id", 225], ["LIMIT", 1]]
  ↳ app/views/venues/index.html.erb:46
  [1m[36mFavourite Exists? (2.6ms)[0m  [1m[34mSELECT 1 AS one FROM "favourites" WHERE "favourites"."venue_id" = $1 LIMIT $2[0m  [["venue_id", 226], ["LIMIT", 1]]
  ↳ app/views/venues/index.html.erb:30
  [1m[36mCACHE Favourite Exists? (0.0ms)[0m  [1m[34mSELECT 1 AS one FROM "favourites" WHERE "favourites"."venue_id" = $1 LIMIT $2[0m  [["venue_id", 226], ["LIMIT", 1]]
  ↳ app/views/venues/index.html.erb:46
  [1m[36mFavourite Exists? (0.7ms)[0m  [1m[34mSELECT 1 AS one FROM "favourites" WHERE "favourites"."venue_id" = $1 LIMIT $2[0m  [["venue_id", 227], ["LIMIT", 1]]
  ↳ app/views/venues/index.html.erb:30
  [1m[36mCACHE Favourite Exists? (0.0ms)[0m  [1m[34mSELECT 1 AS one FROM "favourites" WHERE "favourites"."venue_id" = $1 LIMIT $2[0m  [["venue_id", 227], ["LIMIT", 1]]
  ↳ app/views/venues/index.html.erb:46
  [1m[36mFavourite Exists? (0.9ms)[0m  [1m[34mSELECT 1 AS one FROM "favourites" WHERE "favourites"."venue_id" = $1 LIMIT $2[0m  [["venue_id", 228], ["LIMIT", 1]]
  ↳ app/views/venues/index.html.erb:30
  [1m[36mCACHE Favourite Exists? (0.0ms)[0m  [1m[34mSELECT 1 AS one FROM "favourites" WHERE "favourites"."venue_id" = $1 LIMIT $2[0m  [["venue_id", 228], ["LIMIT", 1]]
  ↳ app/views/venues/index.html.erb:46
  [1m[36mFavourite Exists? (0.6ms)[0m  [1m[34mSELECT 1 AS one FROM "favourites" WHERE "favourites"."venue_id" = $1 LIMIT $2[0m  [["venue_id", 229], ["LIMIT", 1]]
  ↳ app/views/venues/index.html.erb:30
  [1m[36mCACHE Favourite Exists? (0.0ms)[0m  [1m[34mSELECT 1 AS one FROM "favourites" WHERE "favourites"."venue_id" = $1 LIMIT $2[0m  [["venue_id", 229], ["LIMIT", 1]]
  ↳ app/views/venues/index.html.erb:46
  [1m[36mFavourite Exists? (0.9ms)[0m  [1m[34mSELECT 1 AS one FROM "favourites" WHERE "favourites"."venue_id" = $1 LIMIT $2[0m  [["venue_id", 230], ["LIMIT", 1]]
  ↳ app/views/venues/index.html.erb:30
  [1m[36mCACHE Favourite Exists? (0.0ms)[0m  [1m[34mSELECT 1 AS one FROM "favourites" WHERE "favourites"."venue_id" = $1 LIMIT $2[0m  [["venue_id", 230], ["LIMIT", 1]]
  ↳ app/views/venues/index.html.erb:46
  [1m[36mFavourite Exists? (0.7ms)[0m  [1m[34mSELECT 1 AS one FROM "favourites" WHERE "favourites"."venue_id" = $1 LIMIT $2[0m  [["venue_id", 231], ["LIMIT", 1]]
  ↳ app/views/venues/index.html.erb:30
  [1m[36mCACHE Favourite Exists? (0.0ms)[0m  [1m[34mSELECT 1 AS one FROM "favourites" WHERE "favourites"."venue_id" = $1 LIMIT $2[0m  [["venue_id", 231], ["LIMIT", 1]]
  ↳ app/views/venues/index.html.erb:46
  [1m[36mFavourite Exists? (10.9ms)[0m  [1m[34mSELECT 1 AS one FROM "favourites" WHERE "favourites"."venue_id" = $1 LIMIT $2[0m  [["venue_id", 232], ["LIMIT", 1]]
  ↳ app/views/venues/index.html.erb:30
  [1m[36mCACHE Favourite Exists? (0.0ms)[0m  [1m[34mSELECT 1 AS one FROM "favourites" WHERE "favourites"."venue_id" = $1 LIMIT $2[0m  [["venue_id", 232], ["LIMIT", 1]]
  ↳ app/views/venues/index.html.erb:46
  [1m[36mFavourite Exists? (0.4ms)[0m  [1m[34mSELECT 1 AS one FROM "favourites" WHERE "favourites"."venue_id" = $1 LIMIT $2[0m  [["venue_id", 233], ["LIMIT", 1]]
  ↳ app/views/venues/index.html.erb:30
  [1m[36mCACHE Favourite Exists? (0.0ms)[0m  [1m[34mSELECT 1 AS one FROM "favourites" WHERE "favourites"."venue_id" = $1 LIMIT $2[0m  [["venue_id", 233], ["LIMIT", 1]]
  ↳ app/views/venues/index.html.erb:46
  Rendered venues/index.html.erb within layouts/application (Duration: 88.1ms | Allocations: 39167)
[Webpacker] Everything's up-to-date. Nothing to do
  Rendered shared/_flashes.html.erb (Duration: 0.0ms | Allocations: 22)
  Rendered shared/_footer.html.erb (Duration: 0.1ms | Allocations: 91)
  Rendered layout layouts/application.html.erb (Duration: 100.1ms | Allocations: 51004)
Completed 200 OK in 1267ms (Views: 60.1ms | ActiveRecord: 50.0ms | Allocations: 59005)


Started GET "/" for ::1 at 2022-07-13 17:41:11 +0100
Processing by PagesController#home as HTML
  [1m[36mUser Load (1.3ms)[0m  [1m[34mSELECT "users".* FROM "users" WHERE "users"."id" = $1 ORDER BY "users"."id" ASC LIMIT $2[0m  [["id", 1], ["LIMIT", 1]]
  Rendering layout layouts/application.html.erb
  Rendering pages/home.html.erb within layouts/application
  Rendered pages/home.html.erb within layouts/application (Duration: 15.9ms | Allocations: 6958)
[Webpacker] Everything's up-to-date. Nothing to do
  Rendered shared/_flashes.html.erb (Duration: 0.1ms | Allocations: 22)
  Rendered shared/_footer.html.erb (Duration: 0.1ms | Allocations: 91)
  Rendered layout layouts/application.html.erb (Duration: 38.6ms | Allocations: 18592)
Completed 200 OK in 53ms (Views: 39.5ms | ActiveRecord: 1.3ms | Allocations: 20442)


Started GET "/" for ::1 at 2022-07-13 17:41:11 +0100
Processing by PagesController#home as HTML
  [1m[36mUser Load (0.8ms)[0m  [1m[34mSELECT "users".* FROM "users" WHERE "users"."id" = $1 ORDER BY "users"."id" ASC LIMIT $2[0m  [["id", 1], ["LIMIT", 1]]
  Rendering layout layouts/application.html.erb
  Rendering pages/home.html.erb within layouts/application
  Rendered pages/home.html.erb within layouts/application (Duration: 14.4ms | Allocations: 6923)
[Webpacker] Everything's up-to-date. Nothing to do
  Rendered shared/_flashes.html.erb (Duration: 0.0ms | Allocations: 22)
  Rendered shared/_footer.html.erb (Duration: 0.1ms | Allocations: 91)
  Rendered layout layouts/application.html.erb (Duration: 22.8ms | Allocations: 18552)
Completed 200 OK in 28ms (Views: 23.3ms | ActiveRecord: 0.8ms | Allocations: 20403)


Started GET "/venues?venues%5Baddress1%5D=Canary+Wharf%2C+Tower+Hamlets%2C+London%2C+E14+5AH%2C+United+Kingdom&venues%5Baddress2%5D=Wembley%2C+Greater+London%2C+England%2C+United+Kingdom&commit=Meet+Halfway%21" for ::1 at 2022-07-13 17:41:21 +0100
Processing by VenuesController#index as HTML
  Parameters: {"venues"=>{"address1"=>"Canary Wharf, Tower Hamlets, London, E14 5AH, United Kingdom", "address2"=>"Wembley, Greater London, England, United Kingdom"}, "commit"=>"Meet Halfway!"}
  [1m[36mUser Load (0.9ms)[0m  [1m[34mSELECT "users".* FROM "users" WHERE "users"."id" = $1 ORDER BY "users"."id" ASC LIMIT $2[0m  [["id", 1], ["LIMIT", 1]]
  [1m[36mVenue Load (9.6ms)[0m  [1m[34mSELECT venues.*, 6371.0 * 2 * ASIN(SQRT(POWER(SIN((51.530509 - venues.latitude) * PI() / 180 / 2), 2) + COS(51.530509 * PI() / 180) * COS(venues.latitude * PI() / 180) * POWER(SIN((-0.1495567181833385 - venues.longitude) * PI() / 180 / 2), 2))) AS distance, MOD(CAST((ATAN2( ((venues.longitude - -0.1495567181833385) / 57.2957795), ((venues.latitude - 51.530509) / 57.2957795)) * 57.2957795) + 360 AS decimal), 360) AS bearing FROM "venues" WHERE (venues.latitude BETWEEN 51.52151578394081 AND 51.53950221605919 AND venues.longitude BETWEEN -0.16401299133364555 AND -0.13510044503303142 AND (6371.0 * 2 * ASIN(SQRT(POWER(SIN((51.530509 - venues.latitude) * PI() / 180 / 2), 2) + COS(51.530509 * PI() / 180) * COS(venues.latitude * PI() / 180) * POWER(SIN((-0.1495567181833385 - venues.longitude) * PI() / 180 / 2), 2)))) BETWEEN 0.0 AND 1) AND (venues.latitude IS NOT NULL AND venues.longitude IS NOT NULL) ORDER BY distance ASC[0m
  ↳ app/controllers/venues_controller.rb:38:in `map'
  Rendered venues/_halfway_window.html.erb (Duration: 0.2ms | Allocations: 8)
  Rendering layout layouts/application.html.erb
  Rendering venues/index.html.erb within layouts/application
  [1m[36mVenue Load (3.4ms)[0m  [1m[34mSELECT "venues".* FROM "venues"[0m
  ↳ app/views/venues/index.html.erb:15
  [1m[36mFavourite Exists? (3.8ms)[0m  [1m[34mSELECT 1 AS one FROM "favourites" WHERE "favourites"."venue_id" = $1 LIMIT $2[0m  [["venue_id", 210], ["LIMIT", 1]]
  ↳ app/views/venues/index.html.erb:30
  [1m[36mCACHE Favourite Exists? (0.0ms)[0m  [1m[34mSELECT 1 AS one FROM "favourites" WHERE "favourites"."venue_id" = $1 LIMIT $2[0m  [["venue_id", 210], ["LIMIT", 1]]
  ↳ app/views/venues/index.html.erb:46
  [1m[36mFavourite Exists? (1.9ms)[0m  [1m[34mSELECT 1 AS one FROM "favourites" WHERE "favourites"."venue_id" = $1 LIMIT $2[0m  [["venue_id", 211], ["LIMIT", 1]]
  ↳ app/views/venues/index.html.erb:30
  [1m[36mCACHE Favourite Exists? (0.0ms)[0m  [1m[34mSELECT 1 AS one FROM "favourites" WHERE "favourites"."venue_id" = $1 LIMIT $2[0m  [["venue_id", 211], ["LIMIT", 1]]
  ↳ app/views/venues/index.html.erb:46
  [1m[36mFavourite Exists? (1.1ms)[0m  [1m[34mSELECT 1 AS one FROM "favourites" WHERE "favourites"."venue_id" = $1 LIMIT $2[0m  [["venue_id", 212], ["LIMIT", 1]]
  ↳ app/views/venues/index.html.erb:30
  [1m[36mFavourite Load (1.1ms)[0m  [1m[34mSELECT "favourites".* FROM "favourites" WHERE "favourites"."venue_id" = $1 ORDER BY "favourites"."id" ASC LIMIT $2[0m  [["venue_id", 212], ["LIMIT", 1]]
  ↳ app/views/venues/index.html.erb:31
  [1m[36mCACHE Favourite Exists? (0.0ms)[0m  [1m[34mSELECT 1 AS one FROM "favourites" WHERE "favourites"."venue_id" = $1 LIMIT $2[0m  [["venue_id", 212], ["LIMIT", 1]]
  ↳ app/views/venues/index.html.erb:46
  [1m[36mCACHE Favourite Load (0.0ms)[0m  [1m[34mSELECT "favourites".* FROM "favourites" WHERE "favourites"."venue_id" = $1 ORDER BY "favourites"."id" ASC LIMIT $2[0m  [["venue_id", 212], ["LIMIT", 1]]
  ↳ app/views/venues/index.html.erb:47
  [1m[36mFavourite Exists? (1.1ms)[0m  [1m[34mSELECT 1 AS one FROM "favourites" WHERE "favourites"."venue_id" = $1 LIMIT $2[0m  [["venue_id", 213], ["LIMIT", 1]]
  ↳ app/views/venues/index.html.erb:30
  [1m[36mCACHE Favourite Exists? (0.0ms)[0m  [1m[34mSELECT 1 AS one FROM "favourites" WHERE "favourites"."venue_id" = $1 LIMIT $2[0m  [["venue_id", 213], ["LIMIT", 1]]
  ↳ app/views/venues/index.html.erb:46
  [1m[36mFavourite Exists? (1.3ms)[0m  [1m[34mSELECT 1 AS one FROM "favourites" WHERE "favourites"."venue_id" = $1 LIMIT $2[0m  [["venue_id", 214], ["LIMIT", 1]]
  ↳ app/views/venues/index.html.erb:30
  [1m[36mCACHE Favourite Exists? (0.0ms)[0m  [1m[34mSELECT 1 AS one FROM "favourites" WHERE "favourites"."venue_id" = $1 LIMIT $2[0m  [["venue_id", 214], ["LIMIT", 1]]
  ↳ app/views/venues/index.html.erb:46
  [1m[36mFavourite Exists? (8.1ms)[0m  [1m[34mSELECT 1 AS one FROM "favourites" WHERE "favourites"."venue_id" = $1 LIMIT $2[0m  [["venue_id", 215], ["LIMIT", 1]]
  ↳ app/views/venues/index.html.erb:30
  [1m[36mCACHE Favourite Exists? (0.0ms)[0m  [1m[34mSELECT 1 AS one FROM "favourites" WHERE "favourites"."venue_id" = $1 LIMIT $2[0m  [["venue_id", 215], ["LIMIT", 1]]
  ↳ app/views/venues/index.html.erb:46
  [1m[36mFavourite Exists? (0.6ms)[0m  [1m[34mSELECT 1 AS one FROM "favourites" WHERE "favourites"."venue_id" = $1 LIMIT $2[0m  [["venue_id", 216], ["LIMIT", 1]]
  ↳ app/views/venues/index.html.erb:30
  [1m[36mCACHE Favourite Exists? (0.0ms)[0m  [1m[34mSELECT 1 AS one FROM "favourites" WHERE "favourites"."venue_id" = $1 LIMIT $2[0m  [["venue_id", 216], ["LIMIT", 1]]
  ↳ app/views/venues/index.html.erb:46
  [1m[36mFavourite Exists? (0.5ms)[0m  [1m[34mSELECT 1 AS one FROM "favourites" WHERE "favourites"."venue_id" = $1 LIMIT $2[0m  [["venue_id", 217], ["LIMIT", 1]]
  ↳ app/views/venues/index.html.erb:30
  [1m[36mCACHE Favourite Exists? (0.0ms)[0m  [1m[34mSELECT 1 AS one FROM "favourites" WHERE "favourites"."venue_id" = $1 LIMIT $2[0m  [["venue_id", 217], ["LIMIT", 1]]
  ↳ app/views/venues/index.html.erb:46
  [1m[36mFavourite Exists? (0.5ms)[0m  [1m[34mSELECT 1 AS one FROM "favourites" WHERE "favourites"."venue_id" = $1 LIMIT $2[0m  [["venue_id", 218], ["LIMIT", 1]]
  ↳ app/views/venues/index.html.erb:30
  [1m[36mCACHE Favourite Exists? (0.0ms)[0m  [1m[34mSELECT 1 AS one FROM "favourites" WHERE "favourites"."venue_id" = $1 LIMIT $2[0m  [["venue_id", 218], ["LIMIT", 1]]
  ↳ app/views/venues/index.html.erb:46
  [1m[36mFavourite Exists? (0.4ms)[0m  [1m[34mSELECT 1 AS one FROM "favourites" WHERE "favourites"."venue_id" = $1 LIMIT $2[0m  [["venue_id", 219], ["LIMIT", 1]]
  ↳ app/views/venues/index.html.erb:30
  [1m[36mCACHE Favourite Exists? (0.0ms)[0m  [1m[34mSELECT 1 AS one FROM "favourites" WHERE "favourites"."venue_id" = $1 LIMIT $2[0m  [["venue_id", 219], ["LIMIT", 1]]
  ↳ app/views/venues/index.html.erb:46
  [1m[36mFavourite Exists? (0.4ms)[0m  [1m[34mSELECT 1 AS one FROM "favourites" WHERE "favourites"."venue_id" = $1 LIMIT $2[0m  [["venue_id", 220], ["LIMIT", 1]]
  ↳ app/views/venues/index.html.erb:30
  [1m[36mCACHE Favourite Exists? (0.0ms)[0m  [1m[34mSELECT 1 AS one FROM "favourites" WHERE "favourites"."venue_id" = $1 LIMIT $2[0m  [["venue_id", 220], ["LIMIT", 1]]
  ↳ app/views/venues/index.html.erb:46
  [1m[36mFavourite Exists? (0.5ms)[0m  [1m[34mSELECT 1 AS one FROM "favourites" WHERE "favourites"."venue_id" = $1 LIMIT $2[0m  [["venue_id", 221], ["LIMIT", 1]]
  ↳ app/views/venues/index.html.erb:30
  [1m[36mCACHE Favourite Exists? (0.0ms)[0m  [1m[34mSELECT 1 AS one FROM "favourites" WHERE "favourites"."venue_id" = $1 LIMIT $2[0m  [["venue_id", 221], ["LIMIT", 1]]
  ↳ app/views/venues/index.html.erb:46
  [1m[36mFavourite Exists? (0.5ms)[0m  [1m[34mSELECT 1 AS one FROM "favourites" WHERE "favourites"."venue_id" = $1 LIMIT $2[0m  [["venue_id", 222], ["LIMIT", 1]]
  ↳ app/views/venues/index.html.erb:30
  [1m[36mCACHE Favourite Exists? (0.0ms)[0m  [1m[34mSELECT 1 AS one FROM "favourites" WHERE "favourites"."venue_id" = $1 LIMIT $2[0m  [["venue_id", 222], ["LIMIT", 1]]
  ↳ app/views/venues/index.html.erb:46
  [1m[36mFavourite Exists? (0.5ms)[0m  [1m[34mSELECT 1 AS one FROM "favourites" WHERE "favourites"."venue_id" = $1 LIMIT $2[0m  [["venue_id", 223], ["LIMIT", 1]]
  ↳ app/views/venues/index.html.erb:30
  [1m[36mCACHE Favourite Exists? (0.0ms)[0m  [1m[34mSELECT 1 AS one FROM "favourites" WHERE "favourites"."venue_id" = $1 LIMIT $2[0m  [["venue_id", 223], ["LIMIT", 1]]
  ↳ app/views/venues/index.html.erb:46
  [1m[36mFavourite Exists? (0.5ms)[0m  [1m[34mSELECT 1 AS one FROM "favourites" WHERE "favourites"."venue_id" = $1 LIMIT $2[0m  [["venue_id", 224], ["LIMIT", 1]]
  ↳ app/views/venues/index.html.erb:30
  [1m[36mCACHE Favourite Exists? (0.0ms)[0m  [1m[34mSELECT 1 AS one FROM "favourites" WHERE "favourites"."venue_id" = $1 LIMIT $2[0m  [["venue_id", 224], ["LIMIT", 1]]
  ↳ app/views/venues/index.html.erb:46
  [1m[36mFavourite Exists? (0.8ms)[0m  [1m[34mSELECT 1 AS one FROM "favourites" WHERE "favourites"."venue_id" = $1 LIMIT $2[0m  [["venue_id", 225], ["LIMIT", 1]]
  ↳ app/views/venues/index.html.erb:30
  [1m[36mCACHE Favourite Exists? (0.0ms)[0m  [1m[34mSELECT 1 AS one FROM "favourites" WHERE "favourites"."venue_id" = $1 LIMIT $2[0m  [["venue_id", 225], ["LIMIT", 1]]
  ↳ app/views/venues/index.html.erb:46
  [1m[36mFavourite Exists? (0.5ms)[0m  [1m[34mSELECT 1 AS one FROM "favourites" WHERE "favourites"."venue_id" = $1 LIMIT $2[0m  [["venue_id", 226], ["LIMIT", 1]]
  ↳ app/views/venues/index.html.erb:30
  [1m[36mCACHE Favourite Exists? (0.0ms)[0m  [1m[34mSELECT 1 AS one FROM "favourites" WHERE "favourites"."venue_id" = $1 LIMIT $2[0m  [["venue_id", 226], ["LIMIT", 1]]
  ↳ app/views/venues/index.html.erb:46
  [1m[36mFavourite Exists? (0.5ms)[0m  [1m[34mSELECT 1 AS one FROM "favourites" WHERE "favourites"."venue_id" = $1 LIMIT $2[0m  [["venue_id", 227], ["LIMIT", 1]]
  ↳ app/views/venues/index.html.erb:30
  [1m[36mCACHE Favourite Exists? (0.0ms)[0m  [1m[34mSELECT 1 AS one FROM "favourites" WHERE "favourites"."venue_id" = $1 LIMIT $2[0m  [["venue_id", 227], ["LIMIT", 1]]
  ↳ app/views/venues/index.html.erb:46
  [1m[36mFavourite Exists? (0.5ms)[0m  [1m[34mSELECT 1 AS one FROM "favourites" WHERE "favourites"."venue_id" = $1 LIMIT $2[0m  [["venue_id", 228], ["LIMIT", 1]]
  ↳ app/views/venues/index.html.erb:30
  [1m[36mCACHE Favourite Exists? (0.0ms)[0m  [1m[34mSELECT 1 AS one FROM "favourites" WHERE "favourites"."venue_id" = $1 LIMIT $2[0m  [["venue_id", 228], ["LIMIT", 1]]
  ↳ app/views/venues/index.html.erb:46
  [1m[36mFavourite Exists? (0.5ms)[0m  [1m[34mSELECT 1 AS one FROM "favourites" WHERE "favourites"."venue_id" = $1 LIMIT $2[0m  [["venue_id", 229], ["LIMIT", 1]]
  ↳ app/views/venues/index.html.erb:30
  [1m[36mCACHE Favourite Exists? (0.0ms)[0m  [1m[34mSELECT 1 AS one FROM "favourites" WHERE "favourites"."venue_id" = $1 LIMIT $2[0m  [["venue_id", 229], ["LIMIT", 1]]
  ↳ app/views/venues/index.html.erb:46
  [1m[36mFavourite Exists? (0.6ms)[0m  [1m[34mSELECT 1 AS one FROM "favourites" WHERE "favourites"."venue_id" = $1 LIMIT $2[0m  [["venue_id", 230], ["LIMIT", 1]]
  ↳ app/views/venues/index.html.erb:30
  [1m[36mCACHE Favourite Exists? (0.0ms)[0m  [1m[34mSELECT 1 AS one FROM "favourites" WHERE "favourites"."venue_id" = $1 LIMIT $2[0m  [["venue_id", 230], ["LIMIT", 1]]
  ↳ app/views/venues/index.html.erb:46
  [1m[36mFavourite Exists? (0.5ms)[0m  [1m[34mSELECT 1 AS one FROM "favourites" WHERE "favourites"."venue_id" = $1 LIMIT $2[0m  [["venue_id", 231], ["LIMIT", 1]]
  ↳ app/views/venues/index.html.erb:30
  [1m[36mCACHE Favourite Exists? (0.0ms)[0m  [1m[34mSELECT 1 AS one FROM "favourites" WHERE "favourites"."venue_id" = $1 LIMIT $2[0m  [["venue_id", 231], ["LIMIT", 1]]
  ↳ app/views/venues/index.html.erb:46
  [1m[36mFavourite Exists? (0.4ms)[0m  [1m[34mSELECT 1 AS one FROM "favourites" WHERE "favourites"."venue_id" = $1 LIMIT $2[0m  [["venue_id", 232], ["LIMIT", 1]]
  ↳ app/views/venues/index.html.erb:30
  [1m[36mCACHE Favourite Exists? (0.0ms)[0m  [1m[34mSELECT 1 AS one FROM "favourites" WHERE "favourites"."venue_id" = $1 LIMIT $2[0m  [["venue_id", 232], ["LIMIT", 1]]
  ↳ app/views/venues/index.html.erb:46
  [1m[36mFavourite Exists? (0.4ms)[0m  [1m[34mSELECT 1 AS one FROM "favourites" WHERE "favourites"."venue_id" = $1 LIMIT $2[0m  [["venue_id", 233], ["LIMIT", 1]]
  ↳ app/views/venues/index.html.erb:30
  [1m[36mCACHE Favourite Exists? (0.0ms)[0m  [1m[34mSELECT 1 AS one FROM "favourites" WHERE "favourites"."venue_id" = $1 LIMIT $2[0m  [["venue_id", 233], ["LIMIT", 1]]
  ↳ app/views/venues/index.html.erb:46
  Rendered venues/index.html.erb within layouts/application (Duration: 72.9ms | Allocations: 39165)
[Webpacker] Everything's up-to-date. Nothing to do
  Rendered shared/_flashes.html.erb (Duration: 0.0ms | Allocations: 22)
  Rendered shared/_footer.html.erb (Duration: 0.1ms | Allocations: 91)
  Rendered layout layouts/application.html.erb (Duration: 85.6ms | Allocations: 51002)
Completed 200 OK in 1442ms (Views: 55.1ms | ActiveRecord: 41.8ms | Allocations: 58999)


Started GET "/" for ::1 at 2022-07-13 17:41:39 +0100
Processing by PagesController#home as HTML
  [1m[36mUser Load (1.2ms)[0m  [1m[34mSELECT "users".* FROM "users" WHERE "users"."id" = $1 ORDER BY "users"."id" ASC LIMIT $2[0m  [["id", 1], ["LIMIT", 1]]
  Rendering layout layouts/application.html.erb
  Rendering pages/home.html.erb within layouts/application
  Rendered pages/home.html.erb within layouts/application (Duration: 14.9ms | Allocations: 6972)
[Webpacker] Everything's up-to-date. Nothing to do
  Rendered shared/_flashes.html.erb (Duration: 0.1ms | Allocations: 22)
  Rendered shared/_footer.html.erb (Duration: 0.1ms | Allocations: 91)
  Rendered layout layouts/application.html.erb (Duration: 29.3ms | Allocations: 18606)
Completed 200 OK in 36ms (Views: 29.9ms | ActiveRecord: 1.2ms | Allocations: 20456)


Started GET "/venues?venues%5Baddress1%5D=Wembley%2C+Greater+London%2C+England%2C+United+Kingdom&venues%5Baddress2%5D=Wembley%2C+Greater+London%2C+England%2C+United+Kingdom&commit=Meet+Halfway%21" for ::1 at 2022-07-13 17:41:47 +0100
Processing by VenuesController#index as HTML
  Parameters: {"venues"=>{"address1"=>"Wembley, Greater London, England, United Kingdom", "address2"=>"Wembley, Greater London, England, United Kingdom"}, "commit"=>"Meet Halfway!"}
  [1m[36mUser Load (1.4ms)[0m  [1m[34mSELECT "users".* FROM "users" WHERE "users"."id" = $1 ORDER BY "users"."id" ASC LIMIT $2[0m  [["id", 1], ["LIMIT", 1]]
  [1m[36mVenue Load (4.1ms)[0m  [1m[34mSELECT venues.*, 6371.0 * 2 * ASIN(SQRT(POWER(SIN((51.55606945 - venues.latitude) * PI() / 180 / 2), 2) + COS(51.55606945 * PI() / 180) * COS(venues.latitude * PI() / 180) * POWER(SIN((-0.27960339379401444 - venues.longitude) * PI() / 180 / 2), 2))) AS distance, MOD(CAST((ATAN2( ((venues.longitude - -0.27960339379401444) / 57.2957795), ((venues.latitude - 51.55606945) / 57.2957795)) * 57.2957795) + 360 AS decimal), 360) AS bearing FROM "venues" WHERE (venues.latitude BETWEEN 51.547076233940814 AND 51.56506266605919 AND venues.longitude BETWEEN -0.29406778949900014 AND -0.26513899808902874 AND (6371.0 * 2 * ASIN(SQRT(POWER(SIN((51.55606945 - venues.latitude) * PI() / 180 / 2), 2) + COS(51.55606945 * PI() / 180) * COS(venues.latitude * PI() / 180) * POWER(SIN((-0.27960339379401444 - venues.longitude) * PI() / 180 / 2), 2)))) BETWEEN 0.0 AND 1) AND (venues.latitude IS NOT NULL AND venues.longitude IS NOT NULL) ORDER BY distance ASC[0m
  ↳ app/controllers/venues_controller.rb:38:in `map'
  Rendered venues/_info_window.html.erb (Duration: 1.9ms | Allocations: 164)
  Rendered venues/_halfway_window.html.erb (Duration: 0.1ms | Allocations: 8)
  Rendering layout layouts/application.html.erb
  Rendering venues/index.html.erb within layouts/application
  [1m[36mVenue Load (1.5ms)[0m  [1m[34mSELECT "venues".* FROM "venues"[0m
  ↳ app/views/venues/index.html.erb:15
  [1m[36mFavourite Exists? (2.0ms)[0m  [1m[34mSELECT 1 AS one FROM "favourites" WHERE "favourites"."venue_id" = $1 LIMIT $2[0m  [["venue_id", 210], ["LIMIT", 1]]
  ↳ app/views/venues/index.html.erb:30
  [1m[36mCACHE Favourite Exists? (0.0ms)[0m  [1m[34mSELECT 1 AS one FROM "favourites" WHERE "favourites"."venue_id" = $1 LIMIT $2[0m  [["venue_id", 210], ["LIMIT", 1]]
  ↳ app/views/venues/index.html.erb:46
  [1m[36mFavourite Exists? (3.2ms)[0m  [1m[34mSELECT 1 AS one FROM "favourites" WHERE "favourites"."venue_id" = $1 LIMIT $2[0m  [["venue_id", 211], ["LIMIT", 1]]
  ↳ app/views/venues/index.html.erb:30
  [1m[36mCACHE Favourite Exists? (0.0ms)[0m  [1m[34mSELECT 1 AS one FROM "favourites" WHERE "favourites"."venue_id" = $1 LIMIT $2[0m  [["venue_id", 211], ["LIMIT", 1]]
  ↳ app/views/venues/index.html.erb:46
  [1m[36mFavourite Exists? (1.1ms)[0m  [1m[34mSELECT 1 AS one FROM "favourites" WHERE "favourites"."venue_id" = $1 LIMIT $2[0m  [["venue_id", 212], ["LIMIT", 1]]
  ↳ app/views/venues/index.html.erb:30
  [1m[36mFavourite Load (2.7ms)[0m  [1m[34mSELECT "favourites".* FROM "favourites" WHERE "favourites"."venue_id" = $1 ORDER BY "favourites"."id" ASC LIMIT $2[0m  [["venue_id", 212], ["LIMIT", 1]]
  ↳ app/views/venues/index.html.erb:31
  [1m[36mCACHE Favourite Exists? (0.0ms)[0m  [1m[34mSELECT 1 AS one FROM "favourites" WHERE "favourites"."venue_id" = $1 LIMIT $2[0m  [["venue_id", 212], ["LIMIT", 1]]
  ↳ app/views/venues/index.html.erb:46
  [1m[36mCACHE Favourite Load (0.0ms)[0m  [1m[34mSELECT "favourites".* FROM "favourites" WHERE "favourites"."venue_id" = $1 ORDER BY "favourites"."id" ASC LIMIT $2[0m  [["venue_id", 212], ["LIMIT", 1]]
  ↳ app/views/venues/index.html.erb:47
  [1m[36mFavourite Exists? (1.1ms)[0m  [1m[34mSELECT 1 AS one FROM "favourites" WHERE "favourites"."venue_id" = $1 LIMIT $2[0m  [["venue_id", 213], ["LIMIT", 1]]
  ↳ app/views/venues/index.html.erb:30
  [1m[36mCACHE Favourite Exists? (0.0ms)[0m  [1m[34mSELECT 1 AS one FROM "favourites" WHERE "favourites"."venue_id" = $1 LIMIT $2[0m  [["venue_id", 213], ["LIMIT", 1]]
  ↳ app/views/venues/index.html.erb:46
  [1m[36mFavourite Exists? (0.8ms)[0m  [1m[34mSELECT 1 AS one FROM "favourites" WHERE "favourites"."venue_id" = $1 LIMIT $2[0m  [["venue_id", 214], ["LIMIT", 1]]
  ↳ app/views/venues/index.html.erb:30
  [1m[36mCACHE Favourite Exists? (0.0ms)[0m  [1m[34mSELECT 1 AS one FROM "favourites" WHERE "favourites"."venue_id" = $1 LIMIT $2[0m  [["venue_id", 214], ["LIMIT", 1]]
  ↳ app/views/venues/index.html.erb:46
  [1m[36mFavourite Exists? (0.8ms)[0m  [1m[34mSELECT 1 AS one FROM "favourites" WHERE "favourites"."venue_id" = $1 LIMIT $2[0m  [["venue_id", 215], ["LIMIT", 1]]
  ↳ app/views/venues/index.html.erb:30
  [1m[36mCACHE Favourite Exists? (0.0ms)[0m  [1m[34mSELECT 1 AS one FROM "favourites" WHERE "favourites"."venue_id" = $1 LIMIT $2[0m  [["venue_id", 215], ["LIMIT", 1]]
  ↳ app/views/venues/index.html.erb:46
  [1m[36mFavourite Exists? (0.9ms)[0m  [1m[34mSELECT 1 AS one FROM "favourites" WHERE "favourites"."venue_id" = $1 LIMIT $2[0m  [["venue_id", 216], ["LIMIT", 1]]
  ↳ app/views/venues/index.html.erb:30
  [1m[36mCACHE Favourite Exists? (0.0ms)[0m  [1m[34mSELECT 1 AS one FROM "favourites" WHERE "favourites"."venue_id" = $1 LIMIT $2[0m  [["venue_id", 216], ["LIMIT", 1]]
  ↳ app/views/venues/index.html.erb:46
  [1m[36mFavourite Exists? (0.8ms)[0m  [1m[34mSELECT 1 AS one FROM "favourites" WHERE "favourites"."venue_id" = $1 LIMIT $2[0m  [["venue_id", 217], ["LIMIT", 1]]
  ↳ app/views/venues/index.html.erb:30
  [1m[36mCACHE Favourite Exists? (0.0ms)[0m  [1m[34mSELECT 1 AS one FROM "favourites" WHERE "favourites"."venue_id" = $1 LIMIT $2[0m  [["venue_id", 217], ["LIMIT", 1]]
  ↳ app/views/venues/index.html.erb:46
  [1m[36mFavourite Exists? (1.0ms)[0m  [1m[34mSELECT 1 AS one FROM "favourites" WHERE "favourites"."venue_id" = $1 LIMIT $2[0m  [["venue_id", 218], ["LIMIT", 1]]
  ↳ app/views/venues/index.html.erb:30
  [1m[36mCACHE Favourite Exists? (0.0ms)[0m  [1m[34mSELECT 1 AS one FROM "favourites" WHERE "favourites"."venue_id" = $1 LIMIT $2[0m  [["venue_id", 218], ["LIMIT", 1]]
  ↳ app/views/venues/index.html.erb:46
  [1m[36mFavourite Exists? (0.7ms)[0m  [1m[34mSELECT 1 AS one FROM "favourites" WHERE "favourites"."venue_id" = $1 LIMIT $2[0m  [["venue_id", 219], ["LIMIT", 1]]
  ↳ app/views/venues/index.html.erb:30
  [1m[36mCACHE Favourite Exists? (0.0ms)[0m  [1m[34mSELECT 1 AS one FROM "favourites" WHERE "favourites"."venue_id" = $1 LIMIT $2[0m  [["venue_id", 219], ["LIMIT", 1]]
  ↳ app/views/venues/index.html.erb:46
  [1m[36mFavourite Exists? (0.7ms)[0m  [1m[34mSELECT 1 AS one FROM "favourites" WHERE "favourites"."venue_id" = $1 LIMIT $2[0m  [["venue_id", 220], ["LIMIT", 1]]
  ↳ app/views/venues/index.html.erb:30
  [1m[36mCACHE Favourite Exists? (0.0ms)[0m  [1m[34mSELECT 1 AS one FROM "favourites" WHERE "favourites"."venue_id" = $1 LIMIT $2[0m  [["venue_id", 220], ["LIMIT", 1]]
  ↳ app/views/venues/index.html.erb:46
  [1m[36mFavourite Exists? (0.7ms)[0m  [1m[34mSELECT 1 AS one FROM "favourites" WHERE "favourites"."venue_id" = $1 LIMIT $2[0m  [["venue_id", 221], ["LIMIT", 1]]
  ↳ app/views/venues/index.html.erb:30
  [1m[36mCACHE Favourite Exists? (0.0ms)[0m  [1m[34mSELECT 1 AS one FROM "favourites" WHERE "favourites"."venue_id" = $1 LIMIT $2[0m  [["venue_id", 221], ["LIMIT", 1]]
  ↳ app/views/venues/index.html.erb:46
  [1m[36mFavourite Exists? (0.7ms)[0m  [1m[34mSELECT 1 AS one FROM "favourites" WHERE "favourites"."venue_id" = $1 LIMIT $2[0m  [["venue_id", 222], ["LIMIT", 1]]
  ↳ app/views/venues/index.html.erb:30
  [1m[36mCACHE Favourite Exists? (0.0ms)[0m  [1m[34mSELECT 1 AS one FROM "favourites" WHERE "favourites"."venue_id" = $1 LIMIT $2[0m  [["venue_id", 222], ["LIMIT", 1]]
  ↳ app/views/venues/index.html.erb:46
  [1m[36mFavourite Exists? (0.7ms)[0m  [1m[34mSELECT 1 AS one FROM "favourites" WHERE "favourites"."venue_id" = $1 LIMIT $2[0m  [["venue_id", 223], ["LIMIT", 1]]
  ↳ app/views/venues/index.html.erb:30
  [1m[36mCACHE Favourite Exists? (0.0ms)[0m  [1m[34mSELECT 1 AS one FROM "favourites" WHERE "favourites"."venue_id" = $1 LIMIT $2[0m  [["venue_id", 223], ["LIMIT", 1]]
  ↳ app/views/venues/index.html.erb:46
  [1m[36mFavourite Exists? (0.8ms)[0m  [1m[34mSELECT 1 AS one FROM "favourites" WHERE "favourites"."venue_id" = $1 LIMIT $2[0m  [["venue_id", 224], ["LIMIT", 1]]
  ↳ app/views/venues/index.html.erb:30
  [1m[36mCACHE Favourite Exists? (0.0ms)[0m  [1m[34mSELECT 1 AS one FROM "favourites" WHERE "favourites"."venue_id" = $1 LIMIT $2[0m  [["venue_id", 224], ["LIMIT", 1]]
  ↳ app/views/venues/index.html.erb:46
  [1m[36mFavourite Exists? (2.1ms)[0m  [1m[34mSELECT 1 AS one FROM "favourites" WHERE "favourites"."venue_id" = $1 LIMIT $2[0m  [["venue_id", 225], ["LIMIT", 1]]
  ↳ app/views/venues/index.html.erb:30
  [1m[36mCACHE Favourite Exists? (0.0ms)[0m  [1m[34mSELECT 1 AS one FROM "favourites" WHERE "favourites"."venue_id" = $1 LIMIT $2[0m  [["venue_id", 225], ["LIMIT", 1]]
  ↳ app/views/venues/index.html.erb:46
  [1m[36mFavourite Exists? (0.8ms)[0m  [1m[34mSELECT 1 AS one FROM "favourites" WHERE "favourites"."venue_id" = $1 LIMIT $2[0m  [["venue_id", 226], ["LIMIT", 1]]
  ↳ app/views/venues/index.html.erb:30
  [1m[36mCACHE Favourite Exists? (0.0ms)[0m  [1m[34mSELECT 1 AS one FROM "favourites" WHERE "favourites"."venue_id" = $1 LIMIT $2[0m  [["venue_id", 226], ["LIMIT", 1]]
  ↳ app/views/venues/index.html.erb:46
  [1m[36mFavourite Exists? (0.7ms)[0m  [1m[34mSELECT 1 AS one FROM "favourites" WHERE "favourites"."venue_id" = $1 LIMIT $2[0m  [["venue_id", 227], ["LIMIT", 1]]
  ↳ app/views/venues/index.html.erb:30
  [1m[36mCACHE Favourite Exists? (0.0ms)[0m  [1m[34mSELECT 1 AS one FROM "favourites" WHERE "favourites"."venue_id" = $1 LIMIT $2[0m  [["venue_id", 227], ["LIMIT", 1]]
  ↳ app/views/venues/index.html.erb:46
  [1m[36mFavourite Exists? (0.8ms)[0m  [1m[34mSELECT 1 AS one FROM "favourites" WHERE "favourites"."venue_id" = $1 LIMIT $2[0m  [["venue_id", 228], ["LIMIT", 1]]
  ↳ app/views/venues/index.html.erb:30
  [1m[36mCACHE Favourite Exists? (0.0ms)[0m  [1m[34mSELECT 1 AS one FROM "favourites" WHERE "favourites"."venue_id" = $1 LIMIT $2[0m  [["venue_id", 228], ["LIMIT", 1]]
  ↳ app/views/venues/index.html.erb:46
  [1m[36mFavourite Exists? (1.4ms)[0m  [1m[34mSELECT 1 AS one FROM "favourites" WHERE "favourites"."venue_id" = $1 LIMIT $2[0m  [["venue_id", 229], ["LIMIT", 1]]
  ↳ app/views/venues/index.html.erb:30
  [1m[36mCACHE Favourite Exists? (0.0ms)[0m  [1m[34mSELECT 1 AS one FROM "favourites" WHERE "favourites"."venue_id" = $1 LIMIT $2[0m  [["venue_id", 229], ["LIMIT", 1]]
  ↳ app/views/venues/index.html.erb:46
  [1m[36mFavourite Exists? (0.7ms)[0m  [1m[34mSELECT 1 AS one FROM "favourites" WHERE "favourites"."venue_id" = $1 LIMIT $2[0m  [["venue_id", 230], ["LIMIT", 1]]
  ↳ app/views/venues/index.html.erb:30
  [1m[36mCACHE Favourite Exists? (0.0ms)[0m  [1m[34mSELECT 1 AS one FROM "favourites" WHERE "favourites"."venue_id" = $1 LIMIT $2[0m  [["venue_id", 230], ["LIMIT", 1]]
  ↳ app/views/venues/index.html.erb:46
  [1m[36mFavourite Exists? (0.9ms)[0m  [1m[34mSELECT 1 AS one FROM "favourites" WHERE "favourites"."venue_id" = $1 LIMIT $2[0m  [["venue_id", 231], ["LIMIT", 1]]
  ↳ app/views/venues/index.html.erb:30
  [1m[36mCACHE Favourite Exists? (0.0ms)[0m  [1m[34mSELECT 1 AS one FROM "favourites" WHERE "favourites"."venue_id" = $1 LIMIT $2[0m  [["venue_id", 231], ["LIMIT", 1]]
  ↳ app/views/venues/index.html.erb:46
  [1m[36mFavourite Exists? (0.8ms)[0m  [1m[34mSELECT 1 AS one FROM "favourites" WHERE "favourites"."venue_id" = $1 LIMIT $2[0m  [["venue_id", 232], ["LIMIT", 1]]
  ↳ app/views/venues/index.html.erb:30
  [1m[36mCACHE Favourite Exists? (0.0ms)[0m  [1m[34mSELECT 1 AS one FROM "favourites" WHERE "favourites"."venue_id" = $1 LIMIT $2[0m  [["venue_id", 232], ["LIMIT", 1]]
  ↳ app/views/venues/index.html.erb:46
  [1m[36mFavourite Exists? (0.7ms)[0m  [1m[34mSELECT 1 AS one FROM "favourites" WHERE "favourites"."venue_id" = $1 LIMIT $2[0m  [["venue_id", 233], ["LIMIT", 1]]
  ↳ app/views/venues/index.html.erb:30
  [1m[36mCACHE Favourite Exists? (0.0ms)[0m  [1m[34mSELECT 1 AS one FROM "favourites" WHERE "favourites"."venue_id" = $1 LIMIT $2[0m  [["venue_id", 233], ["LIMIT", 1]]
  ↳ app/views/venues/index.html.erb:46
  Rendered venues/index.html.erb within layouts/application (Duration: 77.1ms | Allocations: 39237)
[Webpacker] Everything's up-to-date. Nothing to do
  Rendered shared/_flashes.html.erb (Duration: 0.0ms | Allocations: 22)
  Rendered shared/_footer.html.erb (Duration: 0.1ms | Allocations: 91)
  Rendered layout layouts/application.html.erb (Duration: 88.3ms | Allocations: 51075)
Completed 200 OK in 1279ms (Views: 59.4ms | ActiveRecord: 34.9ms | Allocations: 60240)


Started GET "/" for ::1 at 2022-07-13 17:41:51 +0100
Processing by PagesController#home as HTML
  [1m[36mUser Load (0.8ms)[0m  [1m[34mSELECT "users".* FROM "users" WHERE "users"."id" = $1 ORDER BY "users"."id" ASC LIMIT $2[0m  [["id", 1], ["LIMIT", 1]]
  Rendering layout layouts/application.html.erb
  Rendering pages/home.html.erb within layouts/application
  Rendered pages/home.html.erb within layouts/application (Duration: 13.9ms | Allocations: 6960)
[Webpacker] Everything's up-to-date. Nothing to do
  Rendered shared/_flashes.html.erb (Duration: 0.0ms | Allocations: 22)
  Rendered shared/_footer.html.erb (Duration: 0.1ms | Allocations: 91)
  Rendered layout layouts/application.html.erb (Duration: 24.9ms | Allocations: 18594)
Completed 200 OK in 31ms (Views: 25.4ms | ActiveRecord: 0.8ms | Allocations: 20448)


